<?xml version="1.0" encoding="UTF-8"?>
<testsuite xmlns:xsi="http://www.w3.org/2001/XMLSchema-instance" xsi:noNamespaceSchemaLocation="https://maven.apache.org/surefire/maven-surefire-plugin/xsd/surefire-test-report.xsd" version="3.0.2" name="com.leo.pillpathbackend.PillpathBackendApplicationTests" time="8.953" tests="1" errors="0" skipped="0" failures="0">
  <properties>
[...]
</properties>
  <testcase name="contextLoads" classname="com.leo.pillpathbackend.PillpathBackendApplicationTests" time="0.716">
    <system-out><![CDATA[14:55:04.678 [main] INFO org.springframework.test.context.support.AnnotationConfigContextLoaderUtils -- Could not detect default configuration classes for test class [com.leo.pillpathbackend.PillpathBackendApplicationTests]: PillpathBackendApplicationTests does not declare any static, non-private, non-final, nested classes annotated with @Configuration.
14:55:04.902 [main] INFO org.springframework.boot.test.context.SpringBootTestContextBootstrapper -- Found @SpringBootConfiguration com.leo.pillpathbackend.PillpathBackendApplication for test class com.leo.pillpathbackend.PillpathBackendApplicationTests

  .   ____          _            __ _ _
 /\\ / ___'_ __ _ _(_)_ __  __ _ \ \ \ \
( ( )\___ | '_ | '_| | '_ \/ _` | \ \ \ \
 \\/  ___)| |_)| | | | | || (_| |  ) ) ) )
  '  |____| .__|_| |_|_| |_\__, | / / / /
 =========|_|==============|___/=/_/_/_/

 :: Spring Boot ::                (v3.5.3)

2025-07-17T14:55:05.693+05:30  INFO 32712 --- [pillpath-backend] [           main] c.l.p.PillpathBackendApplicationTests    : Starting PillpathBackendApplicationTests using Java 24.0.1 with PID 32712 (started by ASUS in C:\Users\ASUS\OneDrive\Desktop\Ass\Grp_Projects\pillpath-backend)
2025-07-17T14:55:05.695+05:30  INFO 32712 --- [pillpath-backend] [           main] c.l.p.PillpathBackendApplicationTests    : No active profile set, falling back to 1 default profile: "default"
2025-07-17T14:55:06.812+05:30  INFO 32712 --- [pillpath-backend] [           main] .s.d.r.c.RepositoryConfigurationDelegate : Bootstrapping Spring Data JPA repositories in DEFAULT mode.
2025-07-17T14:55:06.911+05:30  INFO 32712 --- [pillpath-backend] [           main] .s.d.r.c.RepositoryConfigurationDelegate : Finished Spring Data repository scanning in 85 ms. Found 2 JPA repository interfaces.
2025-07-17T14:55:07.624+05:30 DEBUG 32712 --- [pillpath-backend] [           main] o.hibernate.jpa.internal.util.LogHelper  : PersistenceUnitInfo [
	name: default
	persistence provider classname: null
	classloader: jdk.internal.loader.ClassLoaders$AppClassLoader@11a4022a
	excludeUnlistedClasses: true
	JTA datasource: null
	Non JTA datasource: HikariDataSource (null)
	Transaction type: RESOURCE_LOCAL
	PU root URL: file:/C:/Users/ASUS/OneDrive/Desktop/Ass/Grp_Projects/pillpath-backend/target/test-classes/
	Shared Cache Mode: UNSPECIFIED
	Validation Mode: AUTO
	Jar files URLs []
	Managed classes names [
		com.leo.pillpathbackend.entity.Review
		com.leo.pillpathbackend.entity.User]
	Mapping files names []
	Properties []
2025-07-17T14:55:07.636+05:30 DEBUG 32712 --- [pillpath-backend] [           main] o.h.i.internal.IntegratorServiceImpl     : Adding Integrator [org.hibernate.boot.beanvalidation.BeanValidationIntegrator].
2025-07-17T14:55:07.639+05:30 DEBUG 32712 --- [pillpath-backend] [           main] o.h.i.internal.IntegratorServiceImpl     : Adding Integrator [org.hibernate.cache.internal.CollectionCacheInvalidator].
2025-07-17T14:55:07.719+05:30  INFO 32712 --- [pillpath-backend] [           main] org.hibernate.Version                    : HHH000412: Hibernate ORM core version 6.6.18.Final
2025-07-17T14:55:07.722+05:30 DEBUG 32712 --- [pillpath-backend] [           main] org.hibernate.cfg.Environment            : HHH000206: 'hibernate.properties' not found
2025-07-17T14:55:07.759+05:30 DEBUG 32712 --- [pillpath-backend] [           main] org.hibernate.orm.idgen.factory          : Registering IdentifierGenerator strategy [uuid2] -> [org.hibernate.id.UUIDGenerator]
2025-07-17T14:55:07.760+05:30 DEBUG 32712 --- [pillpath-backend] [           main] org.hibernate.orm.idgen.factory          : Registering IdentifierGenerator strategy [guid] -> [org.hibernate.id.GUIDGenerator]
2025-07-17T14:55:07.761+05:30 DEBUG 32712 --- [pillpath-backend] [           main] org.hibernate.orm.idgen.factory          : Registering IdentifierGenerator strategy [uuid] -> [org.hibernate.id.UUIDHexGenerator]
2025-07-17T14:55:07.762+05:30 DEBUG 32712 --- [pillpath-backend] [           main] org.hibernate.orm.idgen.factory          : Registering IdentifierGenerator strategy [uuid.hex] -> [org.hibernate.id.UUIDHexGenerator]
2025-07-17T14:55:07.762+05:30 DEBUG 32712 --- [pillpath-backend] [           main] org.hibernate.orm.idgen.factory          : Registering IdentifierGenerator strategy [assigned] -> [org.hibernate.id.Assigned]
2025-07-17T14:55:07.764+05:30 DEBUG 32712 --- [pillpath-backend] [           main] org.hibernate.orm.idgen.factory          : Registering IdentifierGenerator strategy [identity] -> [org.hibernate.id.IdentityGenerator]
2025-07-17T14:55:07.764+05:30 DEBUG 32712 --- [pillpath-backend] [           main] org.hibernate.orm.idgen.factory          : Registering IdentifierGenerator strategy [select] -> [org.hibernate.id.SelectGenerator]
2025-07-17T14:55:07.766+05:30 DEBUG 32712 --- [pillpath-backend] [           main] org.hibernate.orm.idgen.factory          : Registering IdentifierGenerator strategy [sequence] -> [org.hibernate.id.enhanced.SequenceStyleGenerator]
2025-07-17T14:55:07.767+05:30 DEBUG 32712 --- [pillpath-backend] [           main] org.hibernate.orm.idgen.factory          : Registering IdentifierGenerator strategy [increment] -> [org.hibernate.id.IncrementGenerator]
2025-07-17T14:55:07.768+05:30 DEBUG 32712 --- [pillpath-backend] [           main] org.hibernate.orm.idgen.factory          : Registering IdentifierGenerator strategy [foreign] -> [org.hibernate.id.ForeignGenerator]
2025-07-17T14:55:07.769+05:30 DEBUG 32712 --- [pillpath-backend] [           main] org.hibernate.orm.idgen.factory          : Registering IdentifierGenerator strategy [enhanced-sequence] -> [org.hibernate.id.enhanced.SequenceStyleGenerator]
2025-07-17T14:55:07.770+05:30 DEBUG 32712 --- [pillpath-backend] [           main] org.hibernate.orm.idgen.factory          : Registering IdentifierGenerator strategy [enhanced-table] -> [org.hibernate.id.enhanced.TableGenerator]
2025-07-17T14:55:07.780+05:30 DEBUG 32712 --- [pillpath-backend] [           main] o.h.c.internal.RegionFactoryInitiator    : Cannot default RegionFactory based on registered strategies as `[]` RegionFactory strategies were registered
2025-07-17T14:55:07.781+05:30  INFO 32712 --- [pillpath-backend] [           main] o.h.c.internal.RegionFactoryInitiator    : HHH000026: Second-level cache disabled
2025-07-17T14:55:07.963+05:30 DEBUG 32712 --- [pillpath-backend] [           main] org.hibernate.type.BasicTypeRegistry     : Adding type registration boolean -> org.hibernate.type.BasicTypeReference@6da4feeb
2025-07-17T14:55:07.963+05:30 DEBUG 32712 --- [pillpath-backend] [           main] org.hibernate.type.BasicTypeRegistry     : Adding type registration boolean -> org.hibernate.type.BasicTypeReference@6da4feeb
2025-07-17T14:55:07.963+05:30 DEBUG 32712 --- [pillpath-backend] [           main] org.hibernate.type.BasicTypeRegistry     : Adding type registration java.lang.Boolean -> org.hibernate.type.BasicTypeReference@6da4feeb
2025-07-17T14:55:07.964+05:30 DEBUG 32712 --- [pillpath-backend] [           main] org.hibernate.type.BasicTypeRegistry     : Adding type registration numeric_boolean -> org.hibernate.type.BasicTypeReference@2c604965
2025-07-17T14:55:07.964+05:30 DEBUG 32712 --- [pillpath-backend] [           main] org.hibernate.type.BasicTypeRegistry     : Adding type registration org.hibernate.type.NumericBooleanConverter -> org.hibernate.type.BasicTypeReference@2c604965
2025-07-17T14:55:07.964+05:30 DEBUG 32712 --- [pillpath-backend] [           main] org.hibernate.type.BasicTypeRegistry     : Adding type registration true_false -> org.hibernate.type.BasicTypeReference@57f8951a
2025-07-17T14:55:07.964+05:30 DEBUG 32712 --- [pillpath-backend] [           main] org.hibernate.type.BasicTypeRegistry     : Adding type registration org.hibernate.type.TrueFalseConverter -> org.hibernate.type.BasicTypeReference@57f8951a
2025-07-17T14:55:07.965+05:30 DEBUG 32712 --- [pillpath-backend] [           main] org.hibernate.type.BasicTypeRegistry     : Adding type registration yes_no -> org.hibernate.type.BasicTypeReference@6c17c0f8
2025-07-17T14:55:07.965+05:30 DEBUG 32712 --- [pillpath-backend] [           main] org.hibernate.type.BasicTypeRegistry     : Adding type registration org.hibernate.type.YesNoConverter -> org.hibernate.type.BasicTypeReference@6c17c0f8
2025-07-17T14:55:07.965+05:30 DEBUG 32712 --- [pillpath-backend] [           main] org.hibernate.type.BasicTypeRegistry     : Adding type registration byte -> org.hibernate.type.BasicTypeReference@260e3837
2025-07-17T14:55:07.965+05:30 DEBUG 32712 --- [pillpath-backend] [           main] org.hibernate.type.BasicTypeRegistry     : Adding type registration byte -> org.hibernate.type.BasicTypeReference@260e3837
2025-07-17T14:55:07.965+05:30 DEBUG 32712 --- [pillpath-backend] [           main] org.hibernate.type.BasicTypeRegistry     : Adding type registration java.lang.Byte -> org.hibernate.type.BasicTypeReference@260e3837
2025-07-17T14:55:07.965+05:30 DEBUG 32712 --- [pillpath-backend] [           main] org.hibernate.type.BasicTypeRegistry     : Adding type registration binary -> org.hibernate.type.BasicTypeReference@88b76f2
2025-07-17T14:55:07.965+05:30 DEBUG 32712 --- [pillpath-backend] [           main] org.hibernate.type.BasicTypeRegistry     : Adding type registration byte[] -> org.hibernate.type.BasicTypeReference@88b76f2
2025-07-17T14:55:07.966+05:30 DEBUG 32712 --- [pillpath-backend] [           main] org.hibernate.type.BasicTypeRegistry     : Adding type registration [B -> org.hibernate.type.BasicTypeReference@88b76f2
2025-07-17T14:55:07.966+05:30 DEBUG 32712 --- [pillpath-backend] [           main] org.hibernate.type.BasicTypeRegistry     : Adding type registration binary_wrapper -> org.hibernate.type.BasicTypeReference@1b4872bc
2025-07-17T14:55:07.966+05:30 DEBUG 32712 --- [pillpath-backend] [           main] org.hibernate.type.BasicTypeRegistry     : Adding type registration wrapper-binary -> org.hibernate.type.BasicTypeReference@1b4872bc
2025-07-17T14:55:07.966+05:30 DEBUG 32712 --- [pillpath-backend] [           main] org.hibernate.type.BasicTypeRegistry     : Adding type registration image -> org.hibernate.type.BasicTypeReference@498a612d
2025-07-17T14:55:07.966+05:30 DEBUG 32712 --- [pillpath-backend] [           main] org.hibernate.type.BasicTypeRegistry     : Adding type registration blob -> org.hibernate.type.BasicTypeReference@1e1237ab
2025-07-17T14:55:07.967+05:30 DEBUG 32712 --- [pillpath-backend] [           main] org.hibernate.type.BasicTypeRegistry     : Adding type registration java.sql.Blob -> org.hibernate.type.BasicTypeReference@1e1237ab
2025-07-17T14:55:07.967+05:30 DEBUG 32712 --- [pillpath-backend] [           main] org.hibernate.type.BasicTypeRegistry     : Adding type registration materialized_blob -> org.hibernate.type.BasicTypeReference@4dfdfe7d
2025-07-17T14:55:07.967+05:30 DEBUG 32712 --- [pillpath-backend] [           main] org.hibernate.type.BasicTypeRegistry     : Adding type registration materialized_blob_wrapper -> org.hibernate.type.BasicTypeReference@1578b8ec
2025-07-17T14:55:07.968+05:30 DEBUG 32712 --- [pillpath-backend] [           main] org.hibernate.type.BasicTypeRegistry     : Adding type registration short -> org.hibernate.type.BasicTypeReference@f613067
2025-07-17T14:55:07.968+05:30 DEBUG 32712 --- [pillpath-backend] [           main] org.hibernate.type.BasicTypeRegistry     : Adding type registration short -> org.hibernate.type.BasicTypeReference@f613067
2025-07-17T14:55:07.968+05:30 DEBUG 32712 --- [pillpath-backend] [           main] org.hibernate.type.BasicTypeRegistry     : Adding type registration java.lang.Short -> org.hibernate.type.BasicTypeReference@f613067
2025-07-17T14:55:07.968+05:30 DEBUG 32712 --- [pillpath-backend] [           main] org.hibernate.type.BasicTypeRegistry     : Adding type registration integer -> org.hibernate.type.BasicTypeReference@c1e14f
2025-07-17T14:55:07.968+05:30 DEBUG 32712 --- [pillpath-backend] [           main] org.hibernate.type.BasicTypeRegistry     : Adding type registration int -> org.hibernate.type.BasicTypeReference@c1e14f
2025-07-17T14:55:07.970+05:30 DEBUG 32712 --- [pillpath-backend] [           main] org.hibernate.type.BasicTypeRegistry     : Adding type registration java.lang.Integer -> org.hibernate.type.BasicTypeReference@c1e14f
2025-07-17T14:55:07.970+05:30 DEBUG 32712 --- [pillpath-backend] [           main] org.hibernate.type.BasicTypeRegistry     : Adding type registration long -> org.hibernate.type.BasicTypeReference@226de93c
2025-07-17T14:55:07.970+05:30 DEBUG 32712 --- [pillpath-backend] [           main] org.hibernate.type.BasicTypeRegistry     : Adding type registration long -> org.hibernate.type.BasicTypeReference@226de93c
2025-07-17T14:55:07.970+05:30 DEBUG 32712 --- [pillpath-backend] [           main] org.hibernate.type.BasicTypeRegistry     : Adding type registration java.lang.Long -> org.hibernate.type.BasicTypeReference@226de93c
2025-07-17T14:55:07.971+05:30 DEBUG 32712 --- [pillpath-backend] [           main] org.hibernate.type.BasicTypeRegistry     : Adding type registration float -> org.hibernate.type.BasicTypeReference@72028a45
2025-07-17T14:55:07.971+05:30 DEBUG 32712 --- [pillpath-backend] [           main] org.hibernate.type.BasicTypeRegistry     : Adding type registration float -> org.hibernate.type.BasicTypeReference@72028a45
2025-07-17T14:55:07.971+05:30 DEBUG 32712 --- [pillpath-backend] [           main] org.hibernate.type.BasicTypeRegistry     : Adding type registration java.lang.Float -> org.hibernate.type.BasicTypeReference@72028a45
2025-07-17T14:55:07.971+05:30 DEBUG 32712 --- [pillpath-backend] [           main] org.hibernate.type.BasicTypeRegistry     : Adding type registration double -> org.hibernate.type.BasicTypeReference@74667e6a
2025-07-17T14:55:07.972+05:30 DEBUG 32712 --- [pillpath-backend] [           main] org.hibernate.type.BasicTypeRegistry     : Adding type registration double -> org.hibernate.type.BasicTypeReference@74667e6a
2025-07-17T14:55:07.972+05:30 DEBUG 32712 --- [pillpath-backend] [           main] org.hibernate.type.BasicTypeRegistry     : Adding type registration java.lang.Double -> org.hibernate.type.BasicTypeReference@74667e6a
2025-07-17T14:55:07.972+05:30 DEBUG 32712 --- [pillpath-backend] [           main] org.hibernate.type.BasicTypeRegistry     : Adding type registration big_integer -> org.hibernate.type.BasicTypeReference@7b222230
2025-07-17T14:55:07.972+05:30 DEBUG 32712 --- [pillpath-backend] [           main] org.hibernate.type.BasicTypeRegistry     : Adding type registration java.math.BigInteger -> org.hibernate.type.BasicTypeReference@7b222230
2025-07-17T14:55:07.973+05:30 DEBUG 32712 --- [pillpath-backend] [           main] org.hibernate.type.BasicTypeRegistry     : Adding type registration big_decimal -> org.hibernate.type.BasicTypeReference@364b1061
2025-07-17T14:55:07.973+05:30 DEBUG 32712 --- [pillpath-backend] [           main] org.hibernate.type.BasicTypeRegistry     : Adding type registration java.math.BigDecimal -> org.hibernate.type.BasicTypeReference@364b1061
2025-07-17T14:55:07.973+05:30 DEBUG 32712 --- [pillpath-backend] [           main] org.hibernate.type.BasicTypeRegistry     : Adding type registration character -> org.hibernate.type.BasicTypeReference@50fdf44f
2025-07-17T14:55:07.974+05:30 DEBUG 32712 --- [pillpath-backend] [           main] org.hibernate.type.BasicTypeRegistry     : Adding type registration char -> org.hibernate.type.BasicTypeReference@50fdf44f
2025-07-17T14:55:07.974+05:30 DEBUG 32712 --- [pillpath-backend] [           main] org.hibernate.type.BasicTypeRegistry     : Adding type registration java.lang.Character -> org.hibernate.type.BasicTypeReference@50fdf44f
2025-07-17T14:55:07.974+05:30 DEBUG 32712 --- [pillpath-backend] [           main] org.hibernate.type.BasicTypeRegistry     : Adding type registration character_nchar -> org.hibernate.type.BasicTypeReference@172f4514
2025-07-17T14:55:07.974+05:30 DEBUG 32712 --- [pillpath-backend] [           main] org.hibernate.type.BasicTypeRegistry     : Adding type registration string -> org.hibernate.type.BasicTypeReference@7df6d663
2025-07-17T14:55:07.974+05:30 DEBUG 32712 --- [pillpath-backend] [           main] org.hibernate.type.BasicTypeRegistry     : Adding type registration java.lang.String -> org.hibernate.type.BasicTypeReference@7df6d663
2025-07-17T14:55:07.974+05:30 DEBUG 32712 --- [pillpath-backend] [           main] org.hibernate.type.BasicTypeRegistry     : Adding type registration nstring -> org.hibernate.type.BasicTypeReference@13d019a4
2025-07-17T14:55:07.975+05:30 DEBUG 32712 --- [pillpath-backend] [           main] org.hibernate.type.BasicTypeRegistry     : Adding type registration characters -> org.hibernate.type.BasicTypeReference@2c30c81d
2025-07-17T14:55:07.975+05:30 DEBUG 32712 --- [pillpath-backend] [           main] org.hibernate.type.BasicTypeRegistry     : Adding type registration char[] -> org.hibernate.type.BasicTypeReference@2c30c81d
2025-07-17T14:55:07.975+05:30 DEBUG 32712 --- [pillpath-backend] [           main] org.hibernate.type.BasicTypeRegistry     : Adding type registration [C -> org.hibernate.type.BasicTypeReference@2c30c81d
2025-07-17T14:55:07.975+05:30 DEBUG 32712 --- [pillpath-backend] [           main] org.hibernate.type.BasicTypeRegistry     : Adding type registration wrapper-characters -> org.hibernate.type.BasicTypeReference@415a3f6a
2025-07-17T14:55:07.976+05:30 DEBUG 32712 --- [pillpath-backend] [           main] org.hibernate.type.BasicTypeRegistry     : Adding type registration text -> org.hibernate.type.BasicTypeReference@a54acec
2025-07-17T14:55:07.976+05:30 DEBUG 32712 --- [pillpath-backend] [           main] org.hibernate.type.BasicTypeRegistry     : Adding type registration ntext -> org.hibernate.type.BasicTypeReference@19da993b
2025-07-17T14:55:07.976+05:30 DEBUG 32712 --- [pillpath-backend] [           main] org.hibernate.type.BasicTypeRegistry     : Adding type registration clob -> org.hibernate.type.BasicTypeReference@3380ca3d
2025-07-17T14:55:07.977+05:30 DEBUG 32712 --- [pillpath-backend] [           main] org.hibernate.type.BasicTypeRegistry     : Adding type registration java.sql.Clob -> org.hibernate.type.BasicTypeReference@3380ca3d
2025-07-17T14:55:07.977+05:30 DEBUG 32712 --- [pillpath-backend] [           main] org.hibernate.type.BasicTypeRegistry     : Adding type registration nclob -> org.hibernate.type.BasicTypeReference@23310248
2025-07-17T14:55:07.977+05:30 DEBUG 32712 --- [pillpath-backend] [           main] org.hibernate.type.BasicTypeRegistry     : Adding type registration java.sql.NClob -> org.hibernate.type.BasicTypeReference@23310248
2025-07-17T14:55:07.978+05:30 DEBUG 32712 --- [pillpath-backend] [           main] org.hibernate.type.BasicTypeRegistry     : Adding type registration materialized_clob -> org.hibernate.type.BasicTypeReference@c2df90e
2025-07-17T14:55:07.978+05:30 DEBUG 32712 --- [pillpath-backend] [           main] org.hibernate.type.BasicTypeRegistry     : Adding type registration materialized_clob_char_array -> org.hibernate.type.BasicTypeReference@41f3aaf1
2025-07-17T14:55:07.978+05:30 DEBUG 32712 --- [pillpath-backend] [           main] org.hibernate.type.BasicTypeRegistry     : Adding type registration materialized_clob_character_array -> org.hibernate.type.BasicTypeReference@741741d0
2025-07-17T14:55:07.978+05:30 DEBUG 32712 --- [pillpath-backend] [           main] org.hibernate.type.BasicTypeRegistry     : Adding type registration materialized_nclob -> org.hibernate.type.BasicTypeReference@5f9f3e58
2025-07-17T14:55:07.979+05:30 DEBUG 32712 --- [pillpath-backend] [           main] org.hibernate.type.BasicTypeRegistry     : Adding type registration materialized_nclob_character_array -> org.hibernate.type.BasicTypeReference@3c19592c
2025-07-17T14:55:07.979+05:30 DEBUG 32712 --- [pillpath-backend] [           main] org.hibernate.type.BasicTypeRegistry     : Adding type registration materialized_nclob_char_array -> org.hibernate.type.BasicTypeReference@60e1d87c
2025-07-17T14:55:07.979+05:30 DEBUG 32712 --- [pillpath-backend] [           main] org.hibernate.type.BasicTypeRegistry     : Adding type registration Duration -> org.hibernate.type.BasicTypeReference@2eb60c71
2025-07-17T14:55:07.979+05:30 DEBUG 32712 --- [pillpath-backend] [           main] org.hibernate.type.BasicTypeRegistry     : Adding type registration java.time.Duration -> org.hibernate.type.BasicTypeReference@2eb60c71
2025-07-17T14:55:07.979+05:30 DEBUG 32712 --- [pillpath-backend] [           main] org.hibernate.type.BasicTypeRegistry     : Adding type registration LocalDateTime -> org.hibernate.type.BasicTypeReference@87d9a01
2025-07-17T14:55:07.979+05:30 DEBUG 32712 --- [pillpath-backend] [           main] org.hibernate.type.BasicTypeRegistry     : Adding type registration java.time.LocalDateTime -> org.hibernate.type.BasicTypeReference@87d9a01
2025-07-17T14:55:07.980+05:30 DEBUG 32712 --- [pillpath-backend] [           main] org.hibernate.type.BasicTypeRegistry     : Adding type registration LocalDate -> org.hibernate.type.BasicTypeReference@7e5b621b
2025-07-17T14:55:07.980+05:30 DEBUG 32712 --- [pillpath-backend] [           main] org.hibernate.type.BasicTypeRegistry     : Adding type registration java.time.LocalDate -> org.hibernate.type.BasicTypeReference@7e5b621b
2025-07-17T14:55:07.980+05:30 DEBUG 32712 --- [pillpath-backend] [           main] org.hibernate.type.BasicTypeRegistry     : Adding type registration LocalTime -> org.hibernate.type.BasicTypeReference@10177794
2025-07-17T14:55:07.980+05:30 DEBUG 32712 --- [pillpath-backend] [           main] org.hibernate.type.BasicTypeRegistry     : Adding type registration java.time.LocalTime -> org.hibernate.type.BasicTypeReference@10177794
2025-07-17T14:55:07.980+05:30 DEBUG 32712 --- [pillpath-backend] [           main] org.hibernate.type.BasicTypeRegistry     : Adding type registration OffsetDateTime -> org.hibernate.type.BasicTypeReference@e5c2463
2025-07-17T14:55:07.980+05:30 DEBUG 32712 --- [pillpath-backend] [           main] org.hibernate.type.BasicTypeRegistry     : Adding type registration java.time.OffsetDateTime -> org.hibernate.type.BasicTypeReference@e5c2463
2025-07-17T14:55:07.980+05:30 DEBUG 32712 --- [pillpath-backend] [           main] org.hibernate.type.BasicTypeRegistry     : Adding type registration OffsetDateTimeWithTimezone -> org.hibernate.type.BasicTypeReference@6a950a3b
2025-07-17T14:55:07.980+05:30 DEBUG 32712 --- [pillpath-backend] [           main] org.hibernate.type.BasicTypeRegistry     : Adding type registration OffsetDateTimeWithoutTimezone -> org.hibernate.type.BasicTypeReference@4f7be6c8
2025-07-17T14:55:07.981+05:30 DEBUG 32712 --- [pillpath-backend] [           main] org.hibernate.type.BasicTypeRegistry     : Adding type registration OffsetTime -> org.hibernate.type.BasicTypeReference@647b9364
2025-07-17T14:55:07.981+05:30 DEBUG 32712 --- [pillpath-backend] [           main] org.hibernate.type.BasicTypeRegistry     : Adding type registration java.time.OffsetTime -> org.hibernate.type.BasicTypeReference@647b9364
2025-07-17T14:55:07.981+05:30 DEBUG 32712 --- [pillpath-backend] [           main] org.hibernate.type.BasicTypeRegistry     : Adding type registration OffsetTimeUtc -> org.hibernate.type.BasicTypeReference@b6bccb4
2025-07-17T14:55:07.981+05:30 DEBUG 32712 --- [pillpath-backend] [           main] org.hibernate.type.BasicTypeRegistry     : Adding type registration OffsetTimeWithTimezone -> org.hibernate.type.BasicTypeReference@49edcb30
2025-07-17T14:55:07.981+05:30 DEBUG 32712 --- [pillpath-backend] [           main] org.hibernate.type.BasicTypeRegistry     : Adding type registration OffsetTimeWithoutTimezone -> org.hibernate.type.BasicTypeReference@59303963
2025-07-17T14:55:07.981+05:30 DEBUG 32712 --- [pillpath-backend] [           main] org.hibernate.type.BasicTypeRegistry     : Adding type registration ZonedDateTime -> org.hibernate.type.BasicTypeReference@61e86192
2025-07-17T14:55:07.981+05:30 DEBUG 32712 --- [pillpath-backend] [           main] org.hibernate.type.BasicTypeRegistry     : Adding type registration java.time.ZonedDateTime -> org.hibernate.type.BasicTypeReference@61e86192
2025-07-17T14:55:07.981+05:30 DEBUG 32712 --- [pillpath-backend] [           main] org.hibernate.type.BasicTypeRegistry     : Adding type registration ZonedDateTimeWithTimezone -> org.hibernate.type.BasicTypeReference@34330f77
2025-07-17T14:55:07.982+05:30 DEBUG 32712 --- [pillpath-backend] [           main] org.hibernate.type.BasicTypeRegistry     : Adding type registration ZonedDateTimeWithoutTimezone -> org.hibernate.type.BasicTypeReference@1320e68a
2025-07-17T14:55:07.982+05:30 DEBUG 32712 --- [pillpath-backend] [           main] org.hibernate.type.BasicTypeRegistry     : Adding type registration date -> org.hibernate.type.BasicTypeReference@4b033eac
2025-07-17T14:55:07.982+05:30 DEBUG 32712 --- [pillpath-backend] [           main] org.hibernate.type.BasicTypeRegistry     : Adding type registration java.sql.Date -> org.hibernate.type.BasicTypeReference@4b033eac
2025-07-17T14:55:07.982+05:30 DEBUG 32712 --- [pillpath-backend] [           main] org.hibernate.type.BasicTypeRegistry     : Adding type registration time -> org.hibernate.type.BasicTypeReference@69c532af
2025-07-17T14:55:07.982+05:30 DEBUG 32712 --- [pillpath-backend] [           main] org.hibernate.type.BasicTypeRegistry     : Adding type registration java.sql.Time -> org.hibernate.type.BasicTypeReference@69c532af
2025-07-17T14:55:07.982+05:30 DEBUG 32712 --- [pillpath-backend] [           main] org.hibernate.type.BasicTypeRegistry     : Adding type registration timestamp -> org.hibernate.type.BasicTypeReference@45a1d057
2025-07-17T14:55:07.983+05:30 DEBUG 32712 --- [pillpath-backend] [           main] org.hibernate.type.BasicTypeRegistry     : Adding type registration java.sql.Timestamp -> org.hibernate.type.BasicTypeReference@45a1d057
2025-07-17T14:55:07.983+05:30 DEBUG 32712 --- [pillpath-backend] [           main] org.hibernate.type.BasicTypeRegistry     : Adding type registration java.util.Date -> org.hibernate.type.BasicTypeReference@45a1d057
2025-07-17T14:55:07.983+05:30 DEBUG 32712 --- [pillpath-backend] [           main] org.hibernate.type.BasicTypeRegistry     : Adding type registration calendar -> org.hibernate.type.BasicTypeReference@51a16adf
2025-07-17T14:55:07.983+05:30 DEBUG 32712 --- [pillpath-backend] [           main] org.hibernate.type.BasicTypeRegistry     : Adding type registration java.util.Calendar -> org.hibernate.type.BasicTypeReference@51a16adf
2025-07-17T14:55:07.984+05:30 DEBUG 32712 --- [pillpath-backend] [           main] org.hibernate.type.BasicTypeRegistry     : Adding type registration java.util.GregorianCalendar -> org.hibernate.type.BasicTypeReference@51a16adf
2025-07-17T14:55:07.984+05:30 DEBUG 32712 --- [pillpath-backend] [           main] org.hibernate.type.BasicTypeRegistry     : Adding type registration calendar_date -> org.hibernate.type.BasicTypeReference@385d819
2025-07-17T14:55:07.984+05:30 DEBUG 32712 --- [pillpath-backend] [           main] org.hibernate.type.BasicTypeRegistry     : Adding type registration calendar_time -> org.hibernate.type.BasicTypeReference@4315c28c
2025-07-17T14:55:07.985+05:30 DEBUG 32712 --- [pillpath-backend] [           main] org.hibernate.type.BasicTypeRegistry     : Adding type registration instant -> org.hibernate.type.BasicTypeReference@8fd91d1
2025-07-17T14:55:07.985+05:30 DEBUG 32712 --- [pillpath-backend] [           main] org.hibernate.type.BasicTypeRegistry     : Adding type registration java.time.Instant -> org.hibernate.type.BasicTypeReference@8fd91d1
2025-07-17T14:55:07.985+05:30 DEBUG 32712 --- [pillpath-backend] [           main] org.hibernate.type.BasicTypeRegistry     : Adding type registration uuid -> org.hibernate.type.BasicTypeReference@52d0f583
2025-07-17T14:55:07.985+05:30 DEBUG 32712 --- [pillpath-backend] [           main] org.hibernate.type.BasicTypeRegistry     : Adding type registration java.util.UUID -> org.hibernate.type.BasicTypeReference@52d0f583
2025-07-17T14:55:07.985+05:30 DEBUG 32712 --- [pillpath-backend] [           main] org.hibernate.type.BasicTypeRegistry     : Adding type registration pg-uuid -> org.hibernate.type.BasicTypeReference@52d0f583
2025-07-17T14:55:07.987+05:30 DEBUG 32712 --- [pillpath-backend] [           main] org.hibernate.type.BasicTypeRegistry     : Adding type registration uuid-binary -> org.hibernate.type.BasicTypeReference@7fb8bad0
2025-07-17T14:55:07.987+05:30 DEBUG 32712 --- [pillpath-backend] [           main] org.hibernate.type.BasicTypeRegistry     : Adding type registration uuid-char -> org.hibernate.type.BasicTypeReference@12d40609
2025-07-17T14:55:07.988+05:30 DEBUG 32712 --- [pillpath-backend] [           main] org.hibernate.type.BasicTypeRegistry     : Adding type registration class -> org.hibernate.type.BasicTypeReference@76437e9b
2025-07-17T14:55:07.988+05:30 DEBUG 32712 --- [pillpath-backend] [           main] org.hibernate.type.BasicTypeRegistry     : Adding type registration java.lang.Class -> org.hibernate.type.BasicTypeReference@76437e9b
2025-07-17T14:55:07.988+05:30 DEBUG 32712 --- [pillpath-backend] [           main] org.hibernate.type.BasicTypeRegistry     : Adding type registration currency -> org.hibernate.type.BasicTypeReference@236ae13d
2025-07-17T14:55:07.988+05:30 DEBUG 32712 --- [pillpath-backend] [           main] org.hibernate.type.BasicTypeRegistry     : Adding type registration Currency -> org.hibernate.type.BasicTypeReference@236ae13d
2025-07-17T14:55:07.990+05:30 DEBUG 32712 --- [pillpath-backend] [           main] org.hibernate.type.BasicTypeRegistry     : Adding type registration java.util.Currency -> org.hibernate.type.BasicTypeReference@236ae13d
2025-07-17T14:55:07.990+05:30 DEBUG 32712 --- [pillpath-backend] [           main] org.hibernate.type.BasicTypeRegistry     : Adding type registration locale -> org.hibernate.type.BasicTypeReference@2be818da
2025-07-17T14:55:07.990+05:30 DEBUG 32712 --- [pillpath-backend] [           main] org.hibernate.type.BasicTypeRegistry     : Adding type registration java.util.Locale -> org.hibernate.type.BasicTypeReference@2be818da
2025-07-17T14:55:07.990+05:30 DEBUG 32712 --- [pillpath-backend] [           main] org.hibernate.type.BasicTypeRegistry     : Adding type registration serializable -> org.hibernate.type.BasicTypeReference@46320c9a
2025-07-17T14:55:07.990+05:30 DEBUG 32712 --- [pillpath-backend] [           main] org.hibernate.type.BasicTypeRegistry     : Adding type registration java.io.Serializable -> org.hibernate.type.BasicTypeReference@46320c9a
2025-07-17T14:55:07.991+05:30 DEBUG 32712 --- [pillpath-backend] [           main] org.hibernate.type.BasicTypeRegistry     : Adding type registration timezone -> org.hibernate.type.BasicTypeReference@32256e68
2025-07-17T14:55:07.991+05:30 DEBUG 32712 --- [pillpath-backend] [           main] org.hibernate.type.BasicTypeRegistry     : Adding type registration java.util.TimeZone -> org.hibernate.type.BasicTypeReference@32256e68
2025-07-17T14:55:07.991+05:30 DEBUG 32712 --- [pillpath-backend] [           main] org.hibernate.type.BasicTypeRegistry     : Adding type registration ZoneOffset -> org.hibernate.type.BasicTypeReference@5e7abaf7
2025-07-17T14:55:07.991+05:30 DEBUG 32712 --- [pillpath-backend] [           main] org.hibernate.type.BasicTypeRegistry     : Adding type registration java.time.ZoneOffset -> org.hibernate.type.BasicTypeReference@5e7abaf7
2025-07-17T14:55:07.991+05:30 DEBUG 32712 --- [pillpath-backend] [           main] org.hibernate.type.BasicTypeRegistry     : Adding type registration url -> org.hibernate.type.BasicTypeReference@353f472a
2025-07-17T14:55:07.992+05:30 DEBUG 32712 --- [pillpath-backend] [           main] org.hibernate.type.BasicTypeRegistry     : Adding type registration java.net.URL -> org.hibernate.type.BasicTypeReference@353f472a
2025-07-17T14:55:07.992+05:30 DEBUG 32712 --- [pillpath-backend] [           main] org.hibernate.type.BasicTypeRegistry     : Adding type registration vector -> org.hibernate.type.BasicTypeReference@63bfdbcb
2025-07-17T14:55:07.992+05:30 DEBUG 32712 --- [pillpath-backend] [           main] org.hibernate.type.BasicTypeRegistry     : Adding type registration float_vector -> org.hibernate.type.BasicTypeReference@7af0affa
2025-07-17T14:55:07.992+05:30 DEBUG 32712 --- [pillpath-backend] [           main] org.hibernate.type.BasicTypeRegistry     : Adding type registration double_vector -> org.hibernate.type.BasicTypeReference@71560f51
2025-07-17T14:55:07.992+05:30 DEBUG 32712 --- [pillpath-backend] [           main] org.hibernate.type.BasicTypeRegistry     : Adding type registration byte_vector -> org.hibernate.type.BasicTypeReference@3e1f1046
2025-07-17T14:55:07.992+05:30 DEBUG 32712 --- [pillpath-backend] [           main] org.hibernate.type.BasicTypeRegistry     : Adding type registration row_version -> org.hibernate.type.BasicTypeReference@23e3f5cd
2025-07-17T14:55:07.999+05:30 DEBUG 32712 --- [pillpath-backend] [           main] org.hibernate.type.BasicTypeRegistry     : Adding type registration object -> org.hibernate.type.JavaObjectType@617449dd
2025-07-17T14:55:08.000+05:30 DEBUG 32712 --- [pillpath-backend] [           main] org.hibernate.type.BasicTypeRegistry     : Adding type registration java.lang.Object -> org.hibernate.type.JavaObjectType@617449dd
2025-07-17T14:55:08.001+05:30 DEBUG 32712 --- [pillpath-backend] [           main] org.hibernate.type.BasicTypeRegistry     : Adding type registration null -> org.hibernate.type.NullType@b0f2d91
2025-07-17T14:55:08.002+05:30 DEBUG 32712 --- [pillpath-backend] [           main] org.hibernate.type.BasicTypeRegistry     : Adding type registration imm_date -> org.hibernate.type.BasicTypeReference@7243145f
2025-07-17T14:55:08.002+05:30 DEBUG 32712 --- [pillpath-backend] [           main] org.hibernate.type.BasicTypeRegistry     : Adding type registration imm_time -> org.hibernate.type.BasicTypeReference@15c6027d
2025-07-17T14:55:08.002+05:30 DEBUG 32712 --- [pillpath-backend] [           main] org.hibernate.type.BasicTypeRegistry     : Adding type registration imm_timestamp -> org.hibernate.type.BasicTypeReference@5927f904
2025-07-17T14:55:08.002+05:30 DEBUG 32712 --- [pillpath-backend] [           main] org.hibernate.type.BasicTypeRegistry     : Adding type registration imm_calendar -> org.hibernate.type.BasicTypeReference@2bb62414
2025-07-17T14:55:08.002+05:30 DEBUG 32712 --- [pillpath-backend] [           main] org.hibernate.type.BasicTypeRegistry     : Adding type registration imm_calendar_date -> org.hibernate.type.BasicTypeReference@413d2cd1
2025-07-17T14:55:08.002+05:30 DEBUG 32712 --- [pillpath-backend] [           main] org.hibernate.type.BasicTypeRegistry     : Adding type registration imm_calendar_time -> org.hibernate.type.BasicTypeReference@644d1b61
2025-07-17T14:55:08.002+05:30 DEBUG 32712 --- [pillpath-backend] [           main] org.hibernate.type.BasicTypeRegistry     : Adding type registration imm_binary -> org.hibernate.type.BasicTypeReference@2443135
2025-07-17T14:55:08.003+05:30 DEBUG 32712 --- [pillpath-backend] [           main] org.hibernate.type.BasicTypeRegistry     : Adding type registration imm_serializable -> org.hibernate.type.BasicTypeReference@184823ed
2025-07-17T14:55:08.011+05:30 DEBUG 32712 --- [pillpath-backend] [           main] o.h.boot.internal.BootstrapContextImpl   : Injecting JPA temp ClassLoader [org.springframework.instrument.classloading.SimpleThrowawayClassLoader@2f054f70] into BootstrapContext; was [null]
2025-07-17T14:55:08.011+05:30 DEBUG 32712 --- [pillpath-backend] [           main] o.h.boot.internal.ClassLoaderAccessImpl  : ClassLoaderAccessImpl#injectTempClassLoader(org.springframework.instrument.classloading.SimpleThrowawayClassLoader@2f054f70) [was null]
2025-07-17T14:55:08.012+05:30 DEBUG 32712 --- [pillpath-backend] [           main] o.h.boot.internal.BootstrapContextImpl   : Injecting ScanEnvironment [org.hibernate.jpa.boot.internal.StandardJpaScanEnvironmentImpl@6cbb175] into BootstrapContext; was [null]
2025-07-17T14:55:08.012+05:30 DEBUG 32712 --- [pillpath-backend] [           main] o.h.boot.internal.BootstrapContextImpl   : Injecting ScanOptions [org.hibernate.boot.archive.scan.internal.StandardScanOptions@38fb50f8] into BootstrapContext; was [org.hibernate.boot.archive.scan.internal.StandardScanOptions@7ab802f4]
2025-07-17T14:55:08.037+05:30 DEBUG 32712 --- [pillpath-backend] [           main] o.h.j.b.i.PersistenceUnitInfoDescriptor  : Pushing class transformers for PU named 'default' on loading classloader jdk.internal.loader.ClassLoaders$AppClassLoader@11a4022a
2025-07-17T14:55:08.407+05:30  INFO 32712 --- [pillpath-backend] [           main] o.s.o.j.p.SpringPersistenceUnitInfo      : No LoadTimeWeaver setup: ignoring JPA class transformer
2025-07-17T14:55:08.408+05:30 DEBUG 32712 --- [pillpath-backend] [           main] o.h.boot.internal.BootstrapContextImpl   : Injecting JPA temp ClassLoader [null] into BootstrapContext; was [org.springframework.instrument.classloading.SimpleThrowawayClassLoader@2f054f70]
2025-07-17T14:55:08.408+05:30 DEBUG 32712 --- [pillpath-backend] [           main] o.h.boot.internal.ClassLoaderAccessImpl  : ClassLoaderAccessImpl#injectTempClassLoader(null) [was org.springframework.instrument.classloading.SimpleThrowawayClassLoader@2f054f70]
2025-07-17T14:55:08.469+05:30  INFO 32712 --- [pillpath-backend] [           main] com.zaxxer.hikari.HikariDataSource       : HikariPool-1 - Starting...
2025-07-17T14:55:08.953+05:30  INFO 32712 --- [pillpath-backend] [           main] com.zaxxer.hikari.pool.HikariPool        : HikariPool-1 - Added connection org.postgresql.jdbc.PgConnection@2d74cbbd
2025-07-17T14:55:08.956+05:30  INFO 32712 --- [pillpath-backend] [           main] com.zaxxer.hikari.HikariDataSource       : HikariPool-1 - Start completed.
2025-07-17T14:55:08.969+05:30 DEBUG 32712 --- [pillpath-backend] [           main] o.h.e.j.e.i.JdbcEnvironmentInitiator     : Database ->
	   name : PostgreSQL
	version : 17.5
	  major : 17
	  minor : 5
2025-07-17T14:55:08.969+05:30 DEBUG 32712 --- [pillpath-backend] [           main] o.h.e.j.e.i.JdbcEnvironmentInitiator     : Driver ->
	   name : PostgreSQL JDBC Driver
	version : 42.7.7
	  major : 42
	  minor : 7
2025-07-17T14:55:08.970+05:30 DEBUG 32712 --- [pillpath-backend] [           main] o.h.e.j.e.i.JdbcEnvironmentInitiator     : JDBC version : 4.2
2025-07-17T14:55:09.013+05:30  WARN 32712 --- [pillpath-backend] [           main] org.hibernate.orm.deprecation            : HHH90000025: PostgreSQLDialect does not need to be specified explicitly using 'hibernate.dialect' (remove the property setting and it will be selected by default)
2025-07-17T14:55:09.015+05:30 DEBUG 32712 --- [pillpath-backend] [           main] org.hibernate.orm.dialect                : HHH035001: Using dialect: org.hibernate.dialect.PostgreSQLDialect, version: 17.5
2025-07-17T14:55:09.020+05:30 DEBUG 32712 --- [pillpath-backend] [           main] o.h.e.j.env.spi.IdentifierHelperBuilder  : JDBC driver metadata reported database stores quoted identifiers in neither upper, lower nor mixed case
2025-07-17T14:55:09.034+05:30 DEBUG 32712 --- [pillpath-backend] [           main] org.hibernate.orm.jdbc.lob               : HHH10010004: Disabling contextual LOB creation as Dialect reported it is not supported
2025-07-17T14:55:09.051+05:30  INFO 32712 --- [pillpath-backend] [           main] org.hibernate.orm.connections.pooling    : HHH10001005: Database info:
	Database JDBC URL [Connecting through datasource 'HikariDataSource (HikariPool-1)']
	Database driver: undefined/unknown
	Database version: 17.5
	Autocommit mode: undefined/unknown
	Isolation level: undefined/unknown
	Minimum pool size: undefined/unknown
	Maximum pool size: undefined/unknown
2025-07-17T14:55:09.067+05:30 DEBUG 32712 --- [pillpath-backend] [           main] o.h.t.d.sql.spi.DdlTypeRegistry          : addDescriptor(2003, org.hibernate.type.descriptor.sql.internal.ArrayDdlTypeImpl@ee2ae9a) replaced previous registration(org.hibernate.type.descriptor.sql.internal.ArrayDdlTypeImpl@58b97c15)
2025-07-17T14:55:09.067+05:30 DEBUG 32712 --- [pillpath-backend] [           main] o.h.t.d.sql.spi.DdlTypeRegistry          : addDescriptor(6, org.hibernate.type.descriptor.sql.internal.CapacityDependentDdlType@26994c6a) replaced previous registration(org.hibernate.type.descriptor.sql.internal.DdlTypeImpl@3cd46491)
2025-07-17T14:55:09.070+05:30 DEBUG 32712 --- [pillpath-backend] [           main] o.h.t.d.jdbc.spi.JdbcTypeRegistry        : addDescriptor(2004, BlobTypeDescriptor(BLOB_BINDING)) replaced previous registration(BlobTypeDescriptor(DEFAULT))
2025-07-17T14:55:09.071+05:30 DEBUG 32712 --- [pillpath-backend] [           main] o.h.t.d.jdbc.spi.JdbcTypeRegistry        : addDescriptor(2005, ClobTypeDescriptor(CLOB_BINDING)) replaced previous registration(ClobTypeDescriptor(DEFAULT))
2025-07-17T14:55:09.083+05:30 DEBUG 32712 --- [pillpath-backend] [           main] org.hibernate.type.BasicTypeRegistry     : Adding type registration JAVA_OBJECT -> org.hibernate.type.JavaObjectType@84f51d9
2025-07-17T14:55:09.083+05:30 DEBUG 32712 --- [pillpath-backend] [           main] org.hibernate.type.BasicTypeRegistry     : Adding type registration java.lang.Object -> org.hibernate.type.JavaObjectType@84f51d9
2025-07-17T14:55:09.083+05:30 DEBUG 32712 --- [pillpath-backend] [           main] org.hibernate.type.BasicTypeRegistry     : Type registration key [java.lang.Object] overrode previous entry : `org.hibernate.type.JavaObjectType@617449dd`
2025-07-17T14:55:09.089+05:30 DEBUG 32712 --- [pillpath-backend] [           main] org.hibernate.type.BasicTypeRegistry     : Adding type registration org.hibernate.type.DurationType -> basicType@1(java.time.Duration,3015)
2025-07-17T14:55:09.089+05:30 DEBUG 32712 --- [pillpath-backend] [           main] org.hibernate.type.BasicTypeRegistry     : Adding type registration Duration -> basicType@1(java.time.Duration,3015)
2025-07-17T14:55:09.089+05:30 DEBUG 32712 --- [pillpath-backend] [           main] org.hibernate.type.BasicTypeRegistry     : Adding type registration java.time.Duration -> basicType@1(java.time.Duration,3015)
2025-07-17T14:55:09.095+05:30 DEBUG 32712 --- [pillpath-backend] [           main] org.hibernate.type.BasicTypeRegistry     : Adding type registration org.hibernate.type.OffsetDateTimeType -> basicType@2(java.time.OffsetDateTime,3003)
2025-07-17T14:55:09.095+05:30 DEBUG 32712 --- [pillpath-backend] [           main] org.hibernate.type.BasicTypeRegistry     : Adding type registration OffsetDateTime -> basicType@2(java.time.OffsetDateTime,3003)
2025-07-17T14:55:09.095+05:30 DEBUG 32712 --- [pillpath-backend] [           main] org.hibernate.type.BasicTypeRegistry     : Adding type registration java.time.OffsetDateTime -> basicType@2(java.time.OffsetDateTime,3003)
2025-07-17T14:55:09.095+05:30 DEBUG 32712 --- [pillpath-backend] [           main] org.hibernate.type.BasicTypeRegistry     : Adding type registration org.hibernate.type.ZonedDateTimeType -> basicType@3(java.time.ZonedDateTime,3003)
2025-07-17T14:55:09.095+05:30 DEBUG 32712 --- [pillpath-backend] [           main] org.hibernate.type.BasicTypeRegistry     : Adding type registration ZonedDateTime -> basicType@3(java.time.ZonedDateTime,3003)
2025-07-17T14:55:09.096+05:30 DEBUG 32712 --- [pillpath-backend] [           main] org.hibernate.type.BasicTypeRegistry     : Adding type registration java.time.ZonedDateTime -> basicType@3(java.time.ZonedDateTime,3003)
2025-07-17T14:55:09.097+05:30 DEBUG 32712 --- [pillpath-backend] [           main] org.hibernate.type.BasicTypeRegistry     : Adding type registration org.hibernate.type.OffsetTimeType -> basicType@4(java.time.OffsetTime,3007)
2025-07-17T14:55:09.097+05:30 DEBUG 32712 --- [pillpath-backend] [           main] org.hibernate.type.BasicTypeRegistry     : Adding type registration OffsetTime -> basicType@4(java.time.OffsetTime,3007)
2025-07-17T14:55:09.097+05:30 DEBUG 32712 --- [pillpath-backend] [           main] org.hibernate.type.BasicTypeRegistry     : Adding type registration java.time.OffsetTime -> basicType@4(java.time.OffsetTime,3007)
2025-07-17T14:55:09.099+05:30 DEBUG 32712 --- [pillpath-backend] [           main] o.h.type.spi.TypeConfiguration$Scope     : Scoping TypeConfiguration [org.hibernate.type.spi.TypeConfiguration@1a4083f6] to MetadataBuildingContext [org.hibernate.boot.internal.MetadataBuildingContextRootImpl@23f5008a]
2025-07-17T14:55:09.144+05:30 DEBUG 32712 --- [pillpath-backend] [           main] o.h.boot.model.relational.Namespace      : Created database namespace [logicalName=Name{catalog=null, schema=null}, physicalName=Name{catalog=null, schema=null}]
2025-07-17T14:55:09.176+05:30 DEBUG 32712 --- [pillpath-backend] [           main] o.h.boot.model.internal.EntityBinder     : Binding entity from annotated class: com.leo.pillpathbackend.entity.Review
2025-07-17T14:55:09.185+05:30 DEBUG 32712 --- [pillpath-backend] [           main] o.h.boot.model.internal.EntityBinder     : Import with entity name Review
2025-07-17T14:55:09.194+05:30 DEBUG 32712 --- [pillpath-backend] [           main] o.h.boot.model.internal.EntityBinder     : Bind entity com.leo.pillpathbackend.entity.Review on table review
2025-07-17T14:55:09.210+05:30 DEBUG 32712 --- [pillpath-backend] [           main] o.h.boot.model.internal.AnnotatedColumn  : Binding column: AnnotatedDiscriminatorColumn(column='DTYPE')
2025-07-17T14:55:09.238+05:30 DEBUG 32712 --- [pillpath-backend] [           main] o.h.boot.model.internal.AnnotatedColumn  : Binding column: AnnotatedColumn()
2025-07-17T14:55:09.239+05:30 DEBUG 32712 --- [pillpath-backend] [           main] o.h.boot.internal.ClassLoaderAccessImpl  : Not known whether passed class name [com.leo.pillpathbackend.entity.Review] is safe
2025-07-17T14:55:09.239+05:30 DEBUG 32712 --- [pillpath-backend] [           main] o.h.boot.internal.ClassLoaderAccessImpl  : No temp ClassLoader provided; using live ClassLoader for loading potentially unsafe class : com.leo.pillpathbackend.entity.Review
2025-07-17T14:55:09.245+05:30 DEBUG 32712 --- [pillpath-backend] [           main] o.h.boot.model.internal.PropertyBinder   : MetadataSourceProcessor property id with lazy=false
2025-07-17T14:55:09.253+05:30 DEBUG 32712 --- [pillpath-backend] [           main] o.h.b.m.internal.AbstractPropertyHolder  : Attempting to locate auto-apply AttributeConverter for property [com.leo.pillpathbackend.entity.Review:id]
2025-07-17T14:55:09.260+05:30 DEBUG 32712 --- [pillpath-backend] [           main] o.h.b.model.internal.BasicValueBinder    : building BasicValue for id
2025-07-17T14:55:09.265+05:30 DEBUG 32712 --- [pillpath-backend] [           main] org.hibernate.mapping.BasicValue         : Skipping column re-registration: review.id
2025-07-17T14:55:09.267+05:30 DEBUG 32712 --- [pillpath-backend] [           main] o.h.boot.model.internal.PropertyBinder   : Building property id
2025-07-17T14:55:09.275+05:30 DEBUG 32712 --- [pillpath-backend] [           main] o.h.boot.model.internal.BinderHelper     : #makeIdGenerator(BasicValue([Column(id)]), id, org.hibernate.id.enhanced.SequenceStyleGenerator, , ...)
2025-07-17T14:55:09.277+05:30 DEBUG 32712 --- [pillpath-backend] [           main] o.h.boot.model.internal.AnnotatedColumn  : Binding column: AnnotatedColumn()
2025-07-17T14:55:09.279+05:30 DEBUG 32712 --- [pillpath-backend] [           main] o.h.boot.model.internal.PropertyBinder   : MetadataSourceProcessor property date with lazy=false
2025-07-17T14:55:09.279+05:30 DEBUG 32712 --- [pillpath-backend] [           main] o.h.b.m.internal.AbstractPropertyHolder  : Attempting to locate auto-apply AttributeConverter for property [com.leo.pillpathbackend.entity.Review:date]
2025-07-17T14:55:09.279+05:30 DEBUG 32712 --- [pillpath-backend] [           main] o.h.b.model.internal.BasicValueBinder    : building BasicValue for date
2025-07-17T14:55:09.279+05:30 DEBUG 32712 --- [pillpath-backend] [           main] org.hibernate.mapping.BasicValue         : Skipping column re-registration: review.date
2025-07-17T14:55:09.279+05:30 DEBUG 32712 --- [pillpath-backend] [           main] o.h.boot.model.internal.PropertyBinder   : Building property date
2025-07-17T14:55:09.280+05:30 DEBUG 32712 --- [pillpath-backend] [           main] o.h.boot.model.internal.AnnotatedColumn  : Binding column: AnnotatedColumn()
2025-07-17T14:55:09.280+05:30 DEBUG 32712 --- [pillpath-backend] [           main] o.h.boot.model.internal.PropertyBinder   : MetadataSourceProcessor property email with lazy=false
2025-07-17T14:55:09.280+05:30 DEBUG 32712 --- [pillpath-backend] [           main] o.h.b.m.internal.AbstractPropertyHolder  : Attempting to locate auto-apply AttributeConverter for property [com.leo.pillpathbackend.entity.Review:email]
2025-07-17T14:55:09.280+05:30 DEBUG 32712 --- [pillpath-backend] [           main] o.h.b.model.internal.BasicValueBinder    : building BasicValue for email
2025-07-17T14:55:09.281+05:30 DEBUG 32712 --- [pillpath-backend] [           main] org.hibernate.mapping.BasicValue         : Skipping column re-registration: review.email
2025-07-17T14:55:09.281+05:30 DEBUG 32712 --- [pillpath-backend] [           main] o.h.boot.model.internal.PropertyBinder   : Building property email
2025-07-17T14:55:09.281+05:30 DEBUG 32712 --- [pillpath-backend] [           main] o.h.boot.model.internal.AnnotatedColumn  : Binding column: AnnotatedColumn()
2025-07-17T14:55:09.281+05:30 DEBUG 32712 --- [pillpath-backend] [           main] o.h.boot.model.internal.PropertyBinder   : MetadataSourceProcessor property rating with lazy=false
2025-07-17T14:55:09.281+05:30 DEBUG 32712 --- [pillpath-backend] [           main] o.h.b.m.internal.AbstractPropertyHolder  : Attempting to locate auto-apply AttributeConverter for property [com.leo.pillpathbackend.entity.Review:rating]
2025-07-17T14:55:09.282+05:30 DEBUG 32712 --- [pillpath-backend] [           main] o.h.b.model.internal.BasicValueBinder    : building BasicValue for rating
2025-07-17T14:55:09.282+05:30 DEBUG 32712 --- [pillpath-backend] [           main] org.hibernate.mapping.BasicValue         : Skipping column re-registration: review.rating
2025-07-17T14:55:09.282+05:30 DEBUG 32712 --- [pillpath-backend] [           main] o.h.boot.model.internal.PropertyBinder   : Building property rating
2025-07-17T14:55:09.282+05:30 DEBUG 32712 --- [pillpath-backend] [           main] o.h.boot.model.internal.AnnotatedColumn  : Binding column: AnnotatedColumn()
2025-07-17T14:55:09.283+05:30 DEBUG 32712 --- [pillpath-backend] [           main] o.h.boot.model.internal.PropertyBinder   : MetadataSourceProcessor property reviewText with lazy=false
2025-07-17T14:55:09.283+05:30 DEBUG 32712 --- [pillpath-backend] [           main] o.h.b.m.internal.AbstractPropertyHolder  : Attempting to locate auto-apply AttributeConverter for property [com.leo.pillpathbackend.entity.Review:reviewText]
2025-07-17T14:55:09.283+05:30 DEBUG 32712 --- [pillpath-backend] [           main] o.h.b.model.internal.BasicValueBinder    : building BasicValue for reviewText
2025-07-17T14:55:09.283+05:30 DEBUG 32712 --- [pillpath-backend] [           main] org.hibernate.mapping.BasicValue         : Skipping column re-registration: review.review_text
2025-07-17T14:55:09.284+05:30 DEBUG 32712 --- [pillpath-backend] [           main] o.h.boot.model.internal.PropertyBinder   : Building property reviewText
2025-07-17T14:55:09.284+05:30 DEBUG 32712 --- [pillpath-backend] [           main] o.h.boot.model.internal.AnnotatedColumn  : Binding column: AnnotatedColumn()
2025-07-17T14:55:09.284+05:30 DEBUG 32712 --- [pillpath-backend] [           main] o.h.boot.model.internal.PropertyBinder   : MetadataSourceProcessor property status with lazy=false
2025-07-17T14:55:09.284+05:30 DEBUG 32712 --- [pillpath-backend] [           main] o.h.b.m.internal.AbstractPropertyHolder  : Attempting to locate auto-apply AttributeConverter for property [com.leo.pillpathbackend.entity.Review:status]
2025-07-17T14:55:09.285+05:30 DEBUG 32712 --- [pillpath-backend] [           main] o.h.b.model.internal.BasicValueBinder    : building BasicValue for status
2025-07-17T14:55:09.285+05:30 DEBUG 32712 --- [pillpath-backend] [           main] org.hibernate.mapping.BasicValue         : Skipping column re-registration: review.status
2025-07-17T14:55:09.285+05:30 DEBUG 32712 --- [pillpath-backend] [           main] o.h.boot.model.internal.PropertyBinder   : Building property status
2025-07-17T14:55:09.289+05:30 DEBUG 32712 --- [pillpath-backend] [           main] o.h.b.r.c.i.ClassLoaderServiceImpl       : HHH000194: Package not found or no package-info.java: com.leo.pillpathbackend.entity
2025-07-17T14:55:09.298+05:30 DEBUG 32712 --- [pillpath-backend] [           main] o.h.boot.model.internal.EntityBinder     : Binding entity from annotated class: com.leo.pillpathbackend.entity.User
2025-07-17T14:55:09.298+05:30 DEBUG 32712 --- [pillpath-backend] [           main] o.h.boot.model.internal.EntityBinder     : Import with entity name User
2025-07-17T14:55:09.299+05:30 DEBUG 32712 --- [pillpath-backend] [           main] o.h.boot.model.internal.EntityBinder     : Bind entity com.leo.pillpathbackend.entity.User on table users
2025-07-17T14:55:09.299+05:30 DEBUG 32712 --- [pillpath-backend] [           main] o.h.boot.model.internal.AnnotatedColumn  : Binding column: AnnotatedDiscriminatorColumn(column='user_type')
2025-07-17T14:55:09.299+05:30 DEBUG 32712 --- [pillpath-backend] [           main] org.hibernate.mapping.BasicValue         : Skipping column re-registration: users.user_type
2025-07-17T14:55:09.331+05:30 DEBUG 32712 --- [pillpath-backend] [           main] o.h.boot.model.internal.AnnotatedColumn  : Binding column: AnnotatedColumn(column='user_id')
2025-07-17T14:55:09.331+05:30 DEBUG 32712 --- [pillpath-backend] [           main] o.h.boot.internal.ClassLoaderAccessImpl  : Not known whether passed class name [com.leo.pillpathbackend.entity.User] is safe
2025-07-17T14:55:09.331+05:30 DEBUG 32712 --- [pillpath-backend] [           main] o.h.boot.internal.ClassLoaderAccessImpl  : No temp ClassLoader provided; using live ClassLoader for loading potentially unsafe class : com.leo.pillpathbackend.entity.User
2025-07-17T14:55:09.332+05:30 DEBUG 32712 --- [pillpath-backend] [           main] o.h.boot.model.internal.PropertyBinder   : MetadataSourceProcessor property userId with lazy=false
2025-07-17T14:55:09.332+05:30 DEBUG 32712 --- [pillpath-backend] [           main] o.h.b.m.internal.AbstractPropertyHolder  : Attempting to locate auto-apply AttributeConverter for property [com.leo.pillpathbackend.entity.User:userId]
2025-07-17T14:55:09.332+05:30 DEBUG 32712 --- [pillpath-backend] [           main] o.h.b.model.internal.BasicValueBinder    : building BasicValue for userId
2025-07-17T14:55:09.332+05:30 DEBUG 32712 --- [pillpath-backend] [           main] org.hibernate.mapping.BasicValue         : Skipping column re-registration: users.user_id
2025-07-17T14:55:09.332+05:30 DEBUG 32712 --- [pillpath-backend] [           main] o.h.boot.model.internal.PropertyBinder   : Building property userId
2025-07-17T14:55:09.333+05:30 DEBUG 32712 --- [pillpath-backend] [           main] o.h.boot.model.internal.BinderHelper     : #makeIdGenerator(BasicValue([Column(user_id)]), userId, identity, , ...)
2025-07-17T14:55:09.333+05:30 DEBUG 32712 --- [pillpath-backend] [           main] o.h.boot.model.internal.AnnotatedColumn  : Binding column: AnnotatedColumn(column='account_locked_until')
2025-07-17T14:55:09.333+05:30 DEBUG 32712 --- [pillpath-backend] [           main] o.h.boot.model.internal.PropertyBinder   : MetadataSourceProcessor property accountLockedUntil with lazy=false
2025-07-17T14:55:09.334+05:30 DEBUG 32712 --- [pillpath-backend] [           main] o.h.b.m.internal.AbstractPropertyHolder  : Attempting to locate auto-apply AttributeConverter for property [com.leo.pillpathbackend.entity.User:accountLockedUntil]
2025-07-17T14:55:09.334+05:30 DEBUG 32712 --- [pillpath-backend] [           main] o.h.b.model.internal.BasicValueBinder    : building BasicValue for accountLockedUntil
2025-07-17T14:55:09.334+05:30 DEBUG 32712 --- [pillpath-backend] [           main] org.hibernate.mapping.BasicValue         : Skipping column re-registration: users.account_locked_until
2025-07-17T14:55:09.334+05:30 DEBUG 32712 --- [pillpath-backend] [           main] o.h.boot.model.internal.PropertyBinder   : Building property accountLockedUntil
2025-07-17T14:55:09.335+05:30 DEBUG 32712 --- [pillpath-backend] [           main] o.h.boot.model.internal.AnnotatedColumn  : Binding column: AnnotatedColumn(column='created_by')
2025-07-17T14:55:09.335+05:30 DEBUG 32712 --- [pillpath-backend] [           main] o.h.boot.model.internal.PropertyBinder   : MetadataSourceProcessor property createdBy with lazy=false
2025-07-17T14:55:09.335+05:30 DEBUG 32712 --- [pillpath-backend] [           main] o.h.b.m.internal.AbstractPropertyHolder  : Attempting to locate auto-apply AttributeConverter for property [com.leo.pillpathbackend.entity.User:createdBy]
2025-07-17T14:55:09.335+05:30 DEBUG 32712 --- [pillpath-backend] [           main] o.h.b.model.internal.BasicValueBinder    : building BasicValue for createdBy
2025-07-17T14:55:09.335+05:30 DEBUG 32712 --- [pillpath-backend] [           main] org.hibernate.mapping.BasicValue         : Skipping column re-registration: users.created_by
2025-07-17T14:55:09.335+05:30 DEBUG 32712 --- [pillpath-backend] [           main] o.h.boot.model.internal.PropertyBinder   : Building property createdBy
2025-07-17T14:55:09.335+05:30 DEBUG 32712 --- [pillpath-backend] [           main] o.h.boot.model.internal.AnnotatedColumn  : Binding column: AnnotatedColumn(column='deleted_at')
2025-07-17T14:55:09.335+05:30 DEBUG 32712 --- [pillpath-backend] [           main] o.h.boot.model.internal.PropertyBinder   : MetadataSourceProcessor property deletedAt with lazy=false
2025-07-17T14:55:09.336+05:30 DEBUG 32712 --- [pillpath-backend] [           main] o.h.b.m.internal.AbstractPropertyHolder  : Attempting to locate auto-apply AttributeConverter for property [com.leo.pillpathbackend.entity.User:deletedAt]
2025-07-17T14:55:09.336+05:30 DEBUG 32712 --- [pillpath-backend] [           main] o.h.b.model.internal.BasicValueBinder    : building BasicValue for deletedAt
2025-07-17T14:55:09.336+05:30 DEBUG 32712 --- [pillpath-backend] [           main] org.hibernate.mapping.BasicValue         : Skipping column re-registration: users.deleted_at
2025-07-17T14:55:09.336+05:30 DEBUG 32712 --- [pillpath-backend] [           main] o.h.boot.model.internal.PropertyBinder   : Building property deletedAt
2025-07-17T14:55:09.337+05:30 DEBUG 32712 --- [pillpath-backend] [           main] o.h.boot.model.internal.AnnotatedColumn  : Binding column: AnnotatedColumn(column='deleted_by')
2025-07-17T14:55:09.337+05:30 DEBUG 32712 --- [pillpath-backend] [           main] o.h.boot.model.internal.PropertyBinder   : MetadataSourceProcessor property deletedBy with lazy=false
2025-07-17T14:55:09.337+05:30 DEBUG 32712 --- [pillpath-backend] [           main] o.h.b.m.internal.AbstractPropertyHolder  : Attempting to locate auto-apply AttributeConverter for property [com.leo.pillpathbackend.entity.User:deletedBy]
2025-07-17T14:55:09.337+05:30 DEBUG 32712 --- [pillpath-backend] [           main] o.h.b.model.internal.BasicValueBinder    : building BasicValue for deletedBy
2025-07-17T14:55:09.337+05:30 DEBUG 32712 --- [pillpath-backend] [           main] org.hibernate.mapping.BasicValue         : Skipping column re-registration: users.deleted_by
2025-07-17T14:55:09.337+05:30 DEBUG 32712 --- [pillpath-backend] [           main] o.h.boot.model.internal.PropertyBinder   : Building property deletedBy
2025-07-17T14:55:09.345+05:30 DEBUG 32712 --- [pillpath-backend] [           main] o.h.boot.model.internal.AnnotatedColumn  : Binding column: AnnotatedColumn(column='email')
2025-07-17T14:55:09.345+05:30 DEBUG 32712 --- [pillpath-backend] [           main] o.h.boot.model.internal.PropertyBinder   : MetadataSourceProcessor property email with lazy=false
2025-07-17T14:55:09.345+05:30 DEBUG 32712 --- [pillpath-backend] [           main] o.h.b.m.internal.AbstractPropertyHolder  : Attempting to locate auto-apply AttributeConverter for property [com.leo.pillpathbackend.entity.User:email]
2025-07-17T14:55:09.345+05:30 DEBUG 32712 --- [pillpath-backend] [           main] o.h.b.model.internal.BasicValueBinder    : building BasicValue for email
2025-07-17T14:55:09.346+05:30 DEBUG 32712 --- [pillpath-backend] [           main] org.hibernate.mapping.BasicValue         : Skipping column re-registration: users.email
2025-07-17T14:55:09.346+05:30 DEBUG 32712 --- [pillpath-backend] [           main] o.h.boot.model.internal.PropertyBinder   : Building property email
2025-07-17T14:55:09.346+05:30 DEBUG 32712 --- [pillpath-backend] [           main] o.h.boot.model.internal.AnnotatedColumn  : Binding column: AnnotatedColumn(column='email_verified')
2025-07-17T14:55:09.346+05:30 DEBUG 32712 --- [pillpath-backend] [           main] o.h.boot.model.internal.PropertyBinder   : MetadataSourceProcessor property emailVerified with lazy=false
2025-07-17T14:55:09.346+05:30 DEBUG 32712 --- [pillpath-backend] [           main] o.h.b.m.internal.AbstractPropertyHolder  : Attempting to locate auto-apply AttributeConverter for property [com.leo.pillpathbackend.entity.User:emailVerified]
2025-07-17T14:55:09.347+05:30 DEBUG 32712 --- [pillpath-backend] [           main] o.h.b.model.internal.BasicValueBinder    : building BasicValue for emailVerified
2025-07-17T14:55:09.347+05:30 DEBUG 32712 --- [pillpath-backend] [           main] org.hibernate.mapping.BasicValue         : Skipping column re-registration: users.email_verified
2025-07-17T14:55:09.347+05:30 DEBUG 32712 --- [pillpath-backend] [           main] o.h.boot.model.internal.PropertyBinder   : Building property emailVerified
2025-07-17T14:55:09.347+05:30 DEBUG 32712 --- [pillpath-backend] [           main] o.h.boot.model.internal.AnnotatedColumn  : Binding column: AnnotatedColumn(column='failed_login_attempts')
2025-07-17T14:55:09.347+05:30 DEBUG 32712 --- [pillpath-backend] [           main] o.h.boot.model.internal.PropertyBinder   : MetadataSourceProcessor property failedLoginAttempts with lazy=false
2025-07-17T14:55:09.347+05:30 DEBUG 32712 --- [pillpath-backend] [           main] o.h.b.m.internal.AbstractPropertyHolder  : Attempting to locate auto-apply AttributeConverter for property [com.leo.pillpathbackend.entity.User:failedLoginAttempts]
2025-07-17T14:55:09.347+05:30 DEBUG 32712 --- [pillpath-backend] [           main] o.h.b.model.internal.BasicValueBinder    : building BasicValue for failedLoginAttempts
2025-07-17T14:55:09.348+05:30 DEBUG 32712 --- [pillpath-backend] [           main] org.hibernate.mapping.BasicValue         : Skipping column re-registration: users.failed_login_attempts
2025-07-17T14:55:09.348+05:30 DEBUG 32712 --- [pillpath-backend] [           main] o.h.boot.model.internal.PropertyBinder   : Building property failedLoginAttempts
2025-07-17T14:55:09.348+05:30 DEBUG 32712 --- [pillpath-backend] [           main] o.h.boot.model.internal.AnnotatedColumn  : Binding column: AnnotatedColumn(column='last_login')
2025-07-17T14:55:09.348+05:30 DEBUG 32712 --- [pillpath-backend] [           main] o.h.boot.model.internal.PropertyBinder   : MetadataSourceProcessor property lastLogin with lazy=false
2025-07-17T14:55:09.348+05:30 DEBUG 32712 --- [pillpath-backend] [           main] o.h.b.m.internal.AbstractPropertyHolder  : Attempting to locate auto-apply AttributeConverter for property [com.leo.pillpathbackend.entity.User:lastLogin]
2025-07-17T14:55:09.348+05:30 DEBUG 32712 --- [pillpath-backend] [           main] o.h.b.model.internal.BasicValueBinder    : building BasicValue for lastLogin
2025-07-17T14:55:09.348+05:30 DEBUG 32712 --- [pillpath-backend] [           main] org.hibernate.mapping.BasicValue         : Skipping column re-registration: users.last_login
2025-07-17T14:55:09.348+05:30 DEBUG 32712 --- [pillpath-backend] [           main] o.h.boot.model.internal.PropertyBinder   : Building property lastLogin
2025-07-17T14:55:09.350+05:30 DEBUG 32712 --- [pillpath-backend] [           main] o.h.boot.model.internal.AnnotatedColumn  : Binding column: AnnotatedColumn(column='password')
2025-07-17T14:55:09.350+05:30 DEBUG 32712 --- [pillpath-backend] [           main] o.h.boot.model.internal.PropertyBinder   : MetadataSourceProcessor property password with lazy=false
2025-07-17T14:55:09.350+05:30 DEBUG 32712 --- [pillpath-backend] [           main] o.h.b.m.internal.AbstractPropertyHolder  : Attempting to locate auto-apply AttributeConverter for property [com.leo.pillpathbackend.entity.User:password]
2025-07-17T14:55:09.350+05:30 DEBUG 32712 --- [pillpath-backend] [           main] o.h.b.model.internal.BasicValueBinder    : building BasicValue for password
2025-07-17T14:55:09.351+05:30 DEBUG 32712 --- [pillpath-backend] [           main] org.hibernate.mapping.BasicValue         : Skipping column re-registration: users.password
2025-07-17T14:55:09.351+05:30 DEBUG 32712 --- [pillpath-backend] [           main] o.h.boot.model.internal.PropertyBinder   : Building property password
2025-07-17T14:55:09.352+05:30 DEBUG 32712 --- [pillpath-backend] [           main] o.h.boot.model.internal.AnnotatedColumn  : Binding column: AnnotatedColumn(column='phone')
2025-07-17T14:55:09.352+05:30 DEBUG 32712 --- [pillpath-backend] [           main] o.h.boot.model.internal.PropertyBinder   : MetadataSourceProcessor property phone with lazy=false
2025-07-17T14:55:09.352+05:30 DEBUG 32712 --- [pillpath-backend] [           main] o.h.b.m.internal.AbstractPropertyHolder  : Attempting to locate auto-apply AttributeConverter for property [com.leo.pillpathbackend.entity.User:phone]
2025-07-17T14:55:09.353+05:30 DEBUG 32712 --- [pillpath-backend] [           main] o.h.b.model.internal.BasicValueBinder    : building BasicValue for phone
2025-07-17T14:55:09.353+05:30 DEBUG 32712 --- [pillpath-backend] [           main] org.hibernate.mapping.BasicValue         : Skipping column re-registration: users.phone
2025-07-17T14:55:09.353+05:30 DEBUG 32712 --- [pillpath-backend] [           main] o.h.boot.model.internal.PropertyBinder   : Building property phone
2025-07-17T14:55:09.353+05:30 DEBUG 32712 --- [pillpath-backend] [           main] o.h.boot.model.internal.AnnotatedColumn  : Binding column: AnnotatedColumn(column='phone_verified')
2025-07-17T14:55:09.353+05:30 DEBUG 32712 --- [pillpath-backend] [           main] o.h.boot.model.internal.PropertyBinder   : MetadataSourceProcessor property phoneVerified with lazy=false
2025-07-17T14:55:09.353+05:30 DEBUG 32712 --- [pillpath-backend] [           main] o.h.b.m.internal.AbstractPropertyHolder  : Attempting to locate auto-apply AttributeConverter for property [com.leo.pillpathbackend.entity.User:phoneVerified]
2025-07-17T14:55:09.354+05:30 DEBUG 32712 --- [pillpath-backend] [           main] o.h.b.model.internal.BasicValueBinder    : building BasicValue for phoneVerified
2025-07-17T14:55:09.354+05:30 DEBUG 32712 --- [pillpath-backend] [           main] org.hibernate.mapping.BasicValue         : Skipping column re-registration: users.phone_verified
2025-07-17T14:55:09.354+05:30 DEBUG 32712 --- [pillpath-backend] [           main] o.h.boot.model.internal.PropertyBinder   : Building property phoneVerified
2025-07-17T14:55:09.354+05:30 DEBUG 32712 --- [pillpath-backend] [           main] o.h.boot.model.internal.AnnotatedColumn  : Binding column: AnnotatedColumn(column='preferences')
2025-07-17T14:55:09.355+05:30 DEBUG 32712 --- [pillpath-backend] [           main] o.h.boot.model.internal.PropertyBinder   : MetadataSourceProcessor property preferences with lazy=false
2025-07-17T14:55:09.355+05:30 DEBUG 32712 --- [pillpath-backend] [           main] o.h.b.m.internal.AbstractPropertyHolder  : Attempting to locate auto-apply AttributeConverter for property [com.leo.pillpathbackend.entity.User:preferences]
2025-07-17T14:55:09.355+05:30 DEBUG 32712 --- [pillpath-backend] [           main] o.h.b.model.internal.BasicValueBinder    : building BasicValue for preferences
2025-07-17T14:55:09.355+05:30 DEBUG 32712 --- [pillpath-backend] [           main] org.hibernate.mapping.BasicValue         : Skipping column re-registration: users.preferences
2025-07-17T14:55:09.355+05:30 DEBUG 32712 --- [pillpath-backend] [           main] o.h.boot.model.internal.PropertyBinder   : Building property preferences
2025-07-17T14:55:09.355+05:30 DEBUG 32712 --- [pillpath-backend] [           main] o.h.boot.model.internal.AnnotatedColumn  : Binding column: AnnotatedColumn(column='profile_image_url')
2025-07-17T14:55:09.355+05:30 DEBUG 32712 --- [pillpath-backend] [           main] o.h.boot.model.internal.PropertyBinder   : MetadataSourceProcessor property profileImageUrl with lazy=false
2025-07-17T14:55:09.355+05:30 DEBUG 32712 --- [pillpath-backend] [           main] o.h.b.m.internal.AbstractPropertyHolder  : Attempting to locate auto-apply AttributeConverter for property [com.leo.pillpathbackend.entity.User:profileImageUrl]
2025-07-17T14:55:09.356+05:30 DEBUG 32712 --- [pillpath-backend] [           main] o.h.b.model.internal.BasicValueBinder    : building BasicValue for profileImageUrl
2025-07-17T14:55:09.356+05:30 DEBUG 32712 --- [pillpath-backend] [           main] org.hibernate.mapping.BasicValue         : Skipping column re-registration: users.profile_image_url
2025-07-17T14:55:09.356+05:30 DEBUG 32712 --- [pillpath-backend] [           main] o.h.boot.model.internal.PropertyBinder   : Building property profileImageUrl
2025-07-17T14:55:09.356+05:30 DEBUG 32712 --- [pillpath-backend] [           main] o.h.boot.model.internal.AnnotatedColumn  : Binding column: AnnotatedColumn(column='role')
2025-07-17T14:55:09.357+05:30 DEBUG 32712 --- [pillpath-backend] [           main] o.h.boot.model.internal.PropertyBinder   : MetadataSourceProcessor property role with lazy=false
2025-07-17T14:55:09.357+05:30 DEBUG 32712 --- [pillpath-backend] [           main] o.h.b.m.internal.AbstractPropertyHolder  : Attempting to locate auto-apply AttributeConverter for property [com.leo.pillpathbackend.entity.User:role]
2025-07-17T14:55:09.357+05:30 DEBUG 32712 --- [pillpath-backend] [           main] o.h.b.model.internal.BasicValueBinder    : building BasicValue for role
2025-07-17T14:55:09.357+05:30 DEBUG 32712 --- [pillpath-backend] [           main] org.hibernate.mapping.BasicValue         : Skipping column re-registration: users.role
2025-07-17T14:55:09.359+05:30 DEBUG 32712 --- [pillpath-backend] [           main] o.h.boot.model.internal.PropertyBinder   : Building property role
2025-07-17T14:55:09.359+05:30 DEBUG 32712 --- [pillpath-backend] [           main] o.h.boot.model.internal.AnnotatedColumn  : Binding column: AnnotatedColumn(column='status')
2025-07-17T14:55:09.359+05:30 DEBUG 32712 --- [pillpath-backend] [           main] o.h.boot.model.internal.PropertyBinder   : MetadataSourceProcessor property status with lazy=false
2025-07-17T14:55:09.359+05:30 DEBUG 32712 --- [pillpath-backend] [           main] o.h.b.m.internal.AbstractPropertyHolder  : Attempting to locate auto-apply AttributeConverter for property [com.leo.pillpathbackend.entity.User:status]
2025-07-17T14:55:09.359+05:30 DEBUG 32712 --- [pillpath-backend] [           main] o.h.b.model.internal.BasicValueBinder    : building BasicValue for status
2025-07-17T14:55:09.359+05:30 DEBUG 32712 --- [pillpath-backend] [           main] org.hibernate.mapping.BasicValue         : Skipping column re-registration: users.status
2025-07-17T14:55:09.360+05:30 DEBUG 32712 --- [pillpath-backend] [           main] o.h.boot.model.internal.PropertyBinder   : Building property status
2025-07-17T14:55:09.360+05:30 DEBUG 32712 --- [pillpath-backend] [           main] o.h.boot.model.internal.AnnotatedColumn  : Binding column: AnnotatedColumn(column='terms_accepted_at')
2025-07-17T14:55:09.360+05:30 DEBUG 32712 --- [pillpath-backend] [           main] o.h.boot.model.internal.PropertyBinder   : MetadataSourceProcessor property termsAcceptedAt with lazy=false
2025-07-17T14:55:09.360+05:30 DEBUG 32712 --- [pillpath-backend] [           main] o.h.b.m.internal.AbstractPropertyHolder  : Attempting to locate auto-apply AttributeConverter for property [com.leo.pillpathbackend.entity.User:termsAcceptedAt]
2025-07-17T14:55:09.360+05:30 DEBUG 32712 --- [pillpath-backend] [           main] o.h.b.model.internal.BasicValueBinder    : building BasicValue for termsAcceptedAt
2025-07-17T14:55:09.360+05:30 DEBUG 32712 --- [pillpath-backend] [           main] org.hibernate.mapping.BasicValue         : Skipping column re-registration: users.terms_accepted_at
2025-07-17T14:55:09.360+05:30 DEBUG 32712 --- [pillpath-backend] [           main] o.h.boot.model.internal.PropertyBinder   : Building property termsAcceptedAt
2025-07-17T14:55:09.361+05:30 DEBUG 32712 --- [pillpath-backend] [           main] o.h.boot.model.internal.AnnotatedColumn  : Binding column: AnnotatedColumn(column='terms_version')
2025-07-17T14:55:09.361+05:30 DEBUG 32712 --- [pillpath-backend] [           main] o.h.boot.model.internal.PropertyBinder   : MetadataSourceProcessor property termsVersion with lazy=false
2025-07-17T14:55:09.361+05:30 DEBUG 32712 --- [pillpath-backend] [           main] o.h.b.m.internal.AbstractPropertyHolder  : Attempting to locate auto-apply AttributeConverter for property [com.leo.pillpathbackend.entity.User:termsVersion]
2025-07-17T14:55:09.361+05:30 DEBUG 32712 --- [pillpath-backend] [           main] o.h.b.model.internal.BasicValueBinder    : building BasicValue for termsVersion
2025-07-17T14:55:09.361+05:30 DEBUG 32712 --- [pillpath-backend] [           main] org.hibernate.mapping.BasicValue         : Skipping column re-registration: users.terms_version
2025-07-17T14:55:09.361+05:30 DEBUG 32712 --- [pillpath-backend] [           main] o.h.boot.model.internal.PropertyBinder   : Building property termsVersion
2025-07-17T14:55:09.361+05:30 DEBUG 32712 --- [pillpath-backend] [           main] o.h.boot.model.internal.AnnotatedColumn  : Binding column: AnnotatedColumn(column='updated_by')
2025-07-17T14:55:09.362+05:30 DEBUG 32712 --- [pillpath-backend] [           main] o.h.boot.model.internal.PropertyBinder   : MetadataSourceProcessor property updatedBy with lazy=false
2025-07-17T14:55:09.362+05:30 DEBUG 32712 --- [pillpath-backend] [           main] o.h.b.m.internal.AbstractPropertyHolder  : Attempting to locate auto-apply AttributeConverter for property [com.leo.pillpathbackend.entity.User:updatedBy]
2025-07-17T14:55:09.362+05:30 DEBUG 32712 --- [pillpath-backend] [           main] o.h.b.model.internal.BasicValueBinder    : building BasicValue for updatedBy
2025-07-17T14:55:09.362+05:30 DEBUG 32712 --- [pillpath-backend] [           main] org.hibernate.mapping.BasicValue         : Skipping column re-registration: users.updated_by
2025-07-17T14:55:09.362+05:30 DEBUG 32712 --- [pillpath-backend] [           main] o.h.boot.model.internal.PropertyBinder   : Building property updatedBy
2025-07-17T14:55:09.362+05:30 DEBUG 32712 --- [pillpath-backend] [           main] o.h.boot.model.internal.AnnotatedColumn  : Binding column: AnnotatedColumn(column='user_type')
2025-07-17T14:55:09.363+05:30 DEBUG 32712 --- [pillpath-backend] [           main] o.h.boot.model.internal.PropertyBinder   : MetadataSourceProcessor property userType with lazy=false
2025-07-17T14:55:09.363+05:30 DEBUG 32712 --- [pillpath-backend] [           main] o.h.b.m.internal.AbstractPropertyHolder  : Attempting to locate auto-apply AttributeConverter for property [com.leo.pillpathbackend.entity.User:userType]
2025-07-17T14:55:09.363+05:30 DEBUG 32712 --- [pillpath-backend] [           main] o.h.b.model.internal.BasicValueBinder    : building BasicValue for userType
2025-07-17T14:55:09.363+05:30 DEBUG 32712 --- [pillpath-backend] [           main] org.hibernate.mapping.BasicValue         : Skipping column re-registration: users.user_type
2025-07-17T14:55:09.363+05:30 DEBUG 32712 --- [pillpath-backend] [           main] o.h.boot.model.internal.PropertyBinder   : Building property userType
2025-07-17T14:55:09.365+05:30 DEBUG 32712 --- [pillpath-backend] [           main] o.h.b.r.c.i.ClassLoaderServiceImpl       : HHH000194: Package not found or no package-info.java: com.leo.pillpathbackend.entity
2025-07-17T14:55:09.369+05:30 DEBUG 32712 --- [pillpath-backend] [           main] o.h.b.model.internal.BasicValueBinder    : Starting `BasicValueBinder#fillSimpleValue` for id
2025-07-17T14:55:09.369+05:30 DEBUG 32712 --- [pillpath-backend] [           main] o.h.b.model.internal.BasicValueBinder    : Starting `BasicValueBinder#fillSimpleValue` for date
2025-07-17T14:55:09.371+05:30 DEBUG 32712 --- [pillpath-backend] [           main] o.h.b.model.internal.BasicValueBinder    : Starting `BasicValueBinder#fillSimpleValue` for email
2025-07-17T14:55:09.371+05:30 DEBUG 32712 --- [pillpath-backend] [           main] o.h.b.model.internal.BasicValueBinder    : Starting `BasicValueBinder#fillSimpleValue` for rating
2025-07-17T14:55:09.371+05:30 DEBUG 32712 --- [pillpath-backend] [           main] o.h.b.model.internal.BasicValueBinder    : Starting `BasicValueBinder#fillSimpleValue` for reviewText
2025-07-17T14:55:09.371+05:30 DEBUG 32712 --- [pillpath-backend] [           main] o.h.b.model.internal.BasicValueBinder    : Starting `BasicValueBinder#fillSimpleValue` for status
2025-07-17T14:55:09.372+05:30 DEBUG 32712 --- [pillpath-backend] [           main] o.h.b.model.internal.BasicValueBinder    : Starting `BasicValueBinder#fillSimpleValue` for userId
2025-07-17T14:55:09.372+05:30 DEBUG 32712 --- [pillpath-backend] [           main] o.h.b.model.internal.BasicValueBinder    : Starting `BasicValueBinder#fillSimpleValue` for accountLockedUntil
2025-07-17T14:55:09.373+05:30 DEBUG 32712 --- [pillpath-backend] [           main] o.h.b.model.internal.BasicValueBinder    : Starting `BasicValueBinder#fillSimpleValue` for createdBy
2025-07-17T14:55:09.373+05:30 DEBUG 32712 --- [pillpath-backend] [           main] o.h.b.model.internal.BasicValueBinder    : Starting `BasicValueBinder#fillSimpleValue` for deletedAt
2025-07-17T14:55:09.373+05:30 DEBUG 32712 --- [pillpath-backend] [           main] o.h.b.model.internal.BasicValueBinder    : Starting `BasicValueBinder#fillSimpleValue` for deletedBy
2025-07-17T14:55:09.373+05:30 DEBUG 32712 --- [pillpath-backend] [           main] o.h.b.model.internal.BasicValueBinder    : Starting `BasicValueBinder#fillSimpleValue` for email
2025-07-17T14:55:09.373+05:30 DEBUG 32712 --- [pillpath-backend] [           main] o.h.b.model.internal.BasicValueBinder    : Starting `BasicValueBinder#fillSimpleValue` for emailVerified
2025-07-17T14:55:09.373+05:30 DEBUG 32712 --- [pillpath-backend] [           main] o.h.b.model.internal.BasicValueBinder    : Starting `BasicValueBinder#fillSimpleValue` for failedLoginAttempts
2025-07-17T14:55:09.373+05:30 DEBUG 32712 --- [pillpath-backend] [           main] o.h.b.model.internal.BasicValueBinder    : Starting `BasicValueBinder#fillSimpleValue` for lastLogin
2025-07-17T14:55:09.373+05:30 DEBUG 32712 --- [pillpath-backend] [           main] o.h.b.model.internal.BasicValueBinder    : Starting `BasicValueBinder#fillSimpleValue` for password
[...]
	at org.hibernate.tool.schema.spi.SchemaManagementToolCoordinator.lambda$process$5(SchemaManagementToolCoordinator.java:144) ~[hibernate-core-6.6.18.Final.jar:6.6.18.Final]
	at java.base/java.util.HashMap.forEach(HashMap.java:1430) ~[na:na]
	at org.hibernate.tool.schema.spi.SchemaManagementToolCoordinator.process(SchemaManagementToolCoordinator.java:141) ~[hibernate-core-6.6.18.Final.jar:6.6.18.Final]
	at org.hibernate.boot.internal.SessionFactoryObserverForSchemaExport.sessionFactoryCreated(SessionFactoryObserverForSchemaExport.java:37) ~[hibernate-core-6.6.18.Final.jar:6.6.18.Final]
	at org.hibernate.internal.SessionFactoryObserverChain.sessionFactoryCreated(SessionFactoryObserverChain.java:35) ~[hibernate-core-6.6.18.Final.jar:6.6.18.Final]
	at org.hibernate.internal.SessionFactoryImpl.<init>(SessionFactoryImpl.java:324) ~[hibernate-core-6.6.18.Final.jar:6.6.18.Final]
	at org.hibernate.boot.internal.SessionFactoryBuilderImpl.build(SessionFactoryBuilderImpl.java:463) ~[hibernate-core-6.6.18.Final.jar:6.6.18.Final]
	at org.hibernate.jpa.boot.internal.EntityManagerFactoryBuilderImpl.build(EntityManagerFactoryBuilderImpl.java:1517) ~[hibernate-core-6.6.18.Final.jar:6.6.18.Final]
	at org.springframework.orm.jpa.vendor.SpringHibernateJpaPersistenceProvider.createContainerEntityManagerFactory(SpringHibernateJpaPersistenceProvider.java:66) ~[spring-orm-6.2.8.jar:6.2.8]
	at org.springframework.orm.jpa.LocalContainerEntityManagerFactoryBean.createNativeEntityManagerFactory(LocalContainerEntityManagerFactoryBean.java:390) ~[spring-orm-6.2.8.jar:6.2.8]
	at org.springframework.orm.jpa.AbstractEntityManagerFactoryBean.buildNativeEntityManagerFactory(AbstractEntityManagerFactoryBean.java:419) ~[spring-orm-6.2.8.jar:6.2.8]
	at org.springframework.orm.jpa.AbstractEntityManagerFactoryBean.afterPropertiesSet(AbstractEntityManagerFactoryBean.java:400) ~[spring-orm-6.2.8.jar:6.2.8]
	at org.springframework.orm.jpa.LocalContainerEntityManagerFactoryBean.afterPropertiesSet(LocalContainerEntityManagerFactoryBean.java:366) ~[spring-orm-6.2.8.jar:6.2.8]
	at org.springframework.beans.factory.support.AbstractAutowireCapableBeanFactory.invokeInitMethods(AbstractAutowireCapableBeanFactory.java:1873) ~[spring-beans-6.2.8.jar:6.2.8]
	at org.springframework.beans.factory.support.AbstractAutowireCapableBeanFactory.initializeBean(AbstractAutowireCapableBeanFactory.java:1822) ~[spring-beans-6.2.8.jar:6.2.8]
	at org.springframework.beans.factory.support.AbstractAutowireCapableBeanFactory.doCreateBean(AbstractAutowireCapableBeanFactory.java:607) ~[spring-beans-6.2.8.jar:6.2.8]
	at org.springframework.beans.factory.support.AbstractAutowireCapableBeanFactory.createBean(AbstractAutowireCapableBeanFactory.java:529) ~[spring-beans-6.2.8.jar:6.2.8]
	at org.springframework.beans.factory.support.AbstractBeanFactory.lambda$doGetBean$0(AbstractBeanFactory.java:339) ~[spring-beans-6.2.8.jar:6.2.8]
	at org.springframework.beans.factory.support.DefaultSingletonBeanRegistry.getSingleton(DefaultSingletonBeanRegistry.java:373) ~[spring-beans-6.2.8.jar:6.2.8]
	at org.springframework.beans.factory.support.AbstractBeanFactory.doGetBean(AbstractBeanFactory.java:337) ~[spring-beans-6.2.8.jar:6.2.8]
	at org.springframework.beans.factory.support.AbstractBeanFactory.getBean(AbstractBeanFactory.java:207) ~[spring-beans-6.2.8.jar:6.2.8]
	at org.springframework.context.support.AbstractApplicationContext.finishBeanFactoryInitialization(AbstractApplicationContext.java:970) ~[spring-context-6.2.8.jar:6.2.8]
	at org.springframework.context.support.AbstractApplicationContext.refresh(AbstractApplicationContext.java:627) ~[spring-context-6.2.8.jar:6.2.8]
	at org.springframework.boot.SpringApplication.refresh(SpringApplication.java:752) ~[spring-boot-3.5.3.jar:3.5.3]
	at org.springframework.boot.SpringApplication.refreshContext(SpringApplication.java:439) ~[spring-boot-3.5.3.jar:3.5.3]
	at org.springframework.boot.SpringApplication.run(SpringApplication.java:318) ~[spring-boot-3.5.3.jar:3.5.3]
	at org.springframework.boot.test.context.SpringBootContextLoader.lambda$loadContext$3(SpringBootContextLoader.java:144) ~[spring-boot-test-3.5.3.jar:3.5.3]
	at org.springframework.util.function.ThrowingSupplier.get(ThrowingSupplier.java:58) ~[spring-core-6.2.8.jar:6.2.8]
	at org.springframework.util.function.ThrowingSupplier.get(ThrowingSupplier.java:46) ~[spring-core-6.2.8.jar:6.2.8]
	at org.springframework.boot.SpringApplication.withHook(SpringApplication.java:1461) ~[spring-boot-3.5.3.jar:3.5.3]
	at org.springframework.boot.test.context.SpringBootContextLoader$ContextLoaderHook.run(SpringBootContextLoader.java:563) ~[spring-boot-test-3.5.3.jar:3.5.3]
	at org.springframework.boot.test.context.SpringBootContextLoader.loadContext(SpringBootContextLoader.java:144) ~[spring-boot-test-3.5.3.jar:3.5.3]
	at org.springframework.boot.test.context.SpringBootContextLoader.loadContext(SpringBootContextLoader.java:110) ~[spring-boot-test-3.5.3.jar:3.5.3]
	at org.springframework.test.context.cache.DefaultCacheAwareContextLoaderDelegate.loadContextInternal(DefaultCacheAwareContextLoaderDelegate.java:225) ~[spring-test-6.2.8.jar:6.2.8]
	at org.springframework.test.context.cache.DefaultCacheAwareContextLoaderDelegate.loadContext(DefaultCacheAwareContextLoaderDelegate.java:152) ~[spring-test-6.2.8.jar:6.2.8]
	at org.springframework.test.context.support.DefaultTestContext.getApplicationContext(DefaultTestContext.java:130) ~[spring-test-6.2.8.jar:6.2.8]
	at org.springframework.test.context.web.ServletTestExecutionListener.setUpRequestContextIfNecessary(ServletTestExecutionListener.java:200) ~[spring-test-6.2.8.jar:6.2.8]
	at org.springframework.test.context.web.ServletTestExecutionListener.prepareTestInstance(ServletTestExecutionListener.java:139) ~[spring-test-6.2.8.jar:6.2.8]
	at org.springframework.test.context.TestContextManager.prepareTestInstance(TestContextManager.java:260) ~[spring-test-6.2.8.jar:6.2.8]
	at org.springframework.test.context.junit.jupiter.SpringExtension.postProcessTestInstance(SpringExtension.java:159) ~[spring-test-6.2.8.jar:6.2.8]
	at org.junit.jupiter.engine.descriptor.ClassBasedTestDescriptor.lambda$invokeTestInstancePostProcessors$10(ClassBasedTestDescriptor.java:383) ~[junit-jupiter-engine-5.12.2.jar:5.12.2]
	at org.junit.jupiter.engine.descriptor.ClassBasedTestDescriptor.executeAndMaskThrowable(ClassBasedTestDescriptor.java:388) ~[junit-jupiter-engine-5.12.2.jar:5.12.2]
	at org.junit.jupiter.engine.descriptor.ClassBasedTestDescriptor.lambda$invokeTestInstancePostProcessors$11(ClassBasedTestDescriptor.java:382) ~[junit-jupiter-engine-5.12.2.jar:5.12.2]
	at java.base/java.util.stream.ForEachOps$ForEachOp$OfRef.accept(ForEachOps.java:186) ~[na:na]
	at java.base/java.util.stream.ReferencePipeline$3$1.accept(ReferencePipeline.java:215) ~[na:na]
	at java.base/java.util.stream.ReferencePipeline$2$1.accept(ReferencePipeline.java:197) ~[na:na]
	at java.base/java.util.stream.ReferencePipeline$3$1.accept(ReferencePipeline.java:215) ~[na:na]
	at java.base/java.util.ArrayList$ArrayListSpliterator.forEachRemaining(ArrayList.java:1716) ~[na:na]
	at java.base/java.util.stream.AbstractPipeline.copyInto(AbstractPipeline.java:570) ~[na:na]
	at java.base/java.util.stream.AbstractPipeline.wrapAndCopyInto(AbstractPipeline.java:560) ~[na:na]
	at java.base/java.util.stream.ForEachOps$ForEachOp.evaluateSequential(ForEachOps.java:153) ~[na:na]
	at java.base/java.util.stream.ForEachOps$ForEachOp$OfRef.evaluateSequential(ForEachOps.java:176) ~[na:na]
	at java.base/java.util.stream.AbstractPipeline.evaluate(AbstractPipeline.java:265) ~[na:na]
	at java.base/java.util.stream.ReferencePipeline.forEach(ReferencePipeline.java:636) ~[na:na]
	at org.junit.jupiter.engine.descriptor.ClassBasedTestDescriptor.invokeTestInstancePostProcessors(ClassBasedTestDescriptor.java:382) ~[junit-jupiter-engine-5.12.2.jar:5.12.2]
	at org.junit.jupiter.engine.descriptor.ClassBasedTestDescriptor.lambda$instantiateAndPostProcessTestInstance$6(ClassBasedTestDescriptor.java:293) ~[junit-jupiter-engine-5.12.2.jar:5.12.2]
	at org.junit.platform.engine.support.hierarchical.ThrowableCollector.execute(ThrowableCollector.java:73) ~[junit-platform-engine-1.12.2.jar:1.12.2]
	at org.junit.jupiter.engine.descriptor.ClassBasedTestDescriptor.instantiateAndPostProcessTestInstance(ClassBasedTestDescriptor.java:292) ~[junit-jupiter-engine-5.12.2.jar:5.12.2]
	at org.junit.jupiter.engine.descriptor.ClassBasedTestDescriptor.lambda$testInstancesProvider$4(ClassBasedTestDescriptor.java:281) ~[junit-jupiter-engine-5.12.2.jar:5.12.2]
	at java.base/java.util.Optional.orElseGet(Optional.java:364) ~[na:na]
	at org.junit.jupiter.engine.descriptor.ClassBasedTestDescriptor.lambda$testInstancesProvider$5(ClassBasedTestDescriptor.java:280) ~[junit-jupiter-engine-5.12.2.jar:5.12.2]
	at org.junit.jupiter.engine.execution.TestInstancesProvider.getTestInstances(TestInstancesProvider.java:27) ~[junit-jupiter-engine-5.12.2.jar:5.12.2]
	at org.junit.jupiter.engine.descriptor.TestMethodTestDescriptor.lambda$prepare$0(TestMethodTestDescriptor.java:112) ~[junit-jupiter-engine-5.12.2.jar:5.12.2]
	at org.junit.platform.engine.support.hierarchical.ThrowableCollector.execute(ThrowableCollector.java:73) ~[junit-platform-engine-1.12.2.jar:1.12.2]
	at org.junit.jupiter.engine.descriptor.TestMethodTestDescriptor.prepare(TestMethodTestDescriptor.java:111) ~[junit-jupiter-engine-5.12.2.jar:5.12.2]
	at org.junit.jupiter.engine.descriptor.TestMethodTestDescriptor.prepare(TestMethodTestDescriptor.java:69) ~[junit-jupiter-engine-5.12.2.jar:5.12.2]
	at org.junit.platform.engine.support.hierarchical.NodeTestTask.lambda$prepare$2(NodeTestTask.java:128) ~[junit-platform-engine-1.12.2.jar:1.12.2]
	at org.junit.platform.engine.support.hierarchical.ThrowableCollector.execute(ThrowableCollector.java:73) ~[junit-platform-engine-1.12.2.jar:1.12.2]
	at org.junit.platform.engine.support.hierarchical.NodeTestTask.prepare(NodeTestTask.java:128) ~[junit-platform-engine-1.12.2.jar:1.12.2]
	at org.junit.platform.engine.support.hierarchical.NodeTestTask.execute(NodeTestTask.java:95) ~[junit-platform-engine-1.12.2.jar:1.12.2]
	at java.base/java.util.ArrayList.forEach(ArrayList.java:1604) ~[na:na]
	at org.junit.platform.engine.support.hierarchical.SameThreadHierarchicalTestExecutorService.invokeAll(SameThreadHierarchicalTestExecutorService.java:41) ~[junit-platform-engine-1.12.2.jar:1.12.2]
	at org.junit.platform.engine.support.hierarchical.NodeTestTask.lambda$executeRecursively$6(NodeTestTask.java:160) ~[junit-platform-engine-1.12.2.jar:1.12.2]
	at org.junit.platform.engine.support.hierarchical.ThrowableCollector.execute(ThrowableCollector.java:73) ~[junit-platform-engine-1.12.2.jar:1.12.2]
	at org.junit.platform.engine.support.hierarchical.NodeTestTask.lambda$executeRecursively$8(NodeTestTask.java:146) ~[junit-platform-engine-1.12.2.jar:1.12.2]
	at org.junit.platform.engine.support.hierarchical.Node.around(Node.java:137) ~[junit-platform-engine-1.12.2.jar:1.12.2]
	at org.junit.platform.engine.support.hierarchical.NodeTestTask.lambda$executeRecursively$9(NodeTestTask.java:144) ~[junit-platform-engine-1.12.2.jar:1.12.2]
	at org.junit.platform.engine.support.hierarchical.ThrowableCollector.execute(ThrowableCollector.java:73) ~[junit-platform-engine-1.12.2.jar:1.12.2]
	at org.junit.platform.engine.support.hierarchical.NodeTestTask.executeRecursively(NodeTestTask.java:143) ~[junit-platform-engine-1.12.2.jar:1.12.2]
	at org.junit.platform.engine.support.hierarchical.NodeTestTask.execute(NodeTestTask.java:100) ~[junit-platform-engine-1.12.2.jar:1.12.2]
	at java.base/java.util.ArrayList.forEach(ArrayList.java:1604) ~[na:na]
	at org.junit.platform.engine.support.hierarchical.SameThreadHierarchicalTestExecutorService.invokeAll(SameThreadHierarchicalTestExecutorService.java:41) ~[junit-platform-engine-1.12.2.jar:1.12.2]
	at org.junit.platform.engine.support.hierarchical.NodeTestTask.lambda$executeRecursively$6(NodeTestTask.java:160) ~[junit-platform-engine-1.12.2.jar:1.12.2]
	at org.junit.platform.engine.support.hierarchical.ThrowableCollector.execute(ThrowableCollector.java:73) ~[junit-platform-engine-1.12.2.jar:1.12.2]
	at org.junit.platform.engine.support.hierarchical.NodeTestTask.lambda$executeRecursively$8(NodeTestTask.java:146) ~[junit-platform-engine-1.12.2.jar:1.12.2]
	at org.junit.platform.engine.support.hierarchical.Node.around(Node.java:137) ~[junit-platform-engine-1.12.2.jar:1.12.2]
	at org.junit.platform.engine.support.hierarchical.NodeTestTask.lambda$executeRecursively$9(NodeTestTask.java:144) ~[junit-platform-engine-1.12.2.jar:1.12.2]
	at org.junit.platform.engine.support.hierarchical.ThrowableCollector.execute(ThrowableCollector.java:73) ~[junit-platform-engine-1.12.2.jar:1.12.2]
	at org.junit.platform.engine.support.hierarchical.NodeTestTask.executeRecursively(NodeTestTask.java:143) ~[junit-platform-engine-1.12.2.jar:1.12.2]
	at org.junit.platform.engine.support.hierarchical.NodeTestTask.execute(NodeTestTask.java:100) ~[junit-platform-engine-1.12.2.jar:1.12.2]
	at org.junit.platform.engine.support.hierarchical.SameThreadHierarchicalTestExecutorService.submit(SameThreadHierarchicalTestExecutorService.java:35) ~[junit-platform-engine-1.12.2.jar:1.12.2]
	at org.junit.platform.engine.support.hierarchical.HierarchicalTestExecutor.execute(HierarchicalTestExecutor.java:57) ~[junit-platform-engine-1.12.2.jar:1.12.2]
	at org.junit.platform.engine.support.hierarchical.HierarchicalTestEngine.execute(HierarchicalTestEngine.java:54) ~[junit-platform-engine-1.12.2.jar:1.12.2]
	at org.junit.platform.launcher.core.EngineExecutionOrchestrator.execute(EngineExecutionOrchestrator.java:201) ~[junit-platform-launcher-1.12.2.jar:1.12.2]
	at org.junit.platform.launcher.core.EngineExecutionOrchestrator.execute(EngineExecutionOrchestrator.java:170) ~[junit-platform-launcher-1.12.2.jar:1.12.2]
	at org.junit.platform.launcher.core.EngineExecutionOrchestrator.execute(EngineExecutionOrchestrator.java:94) ~[junit-platform-launcher-1.12.2.jar:1.12.2]
	at org.junit.platform.launcher.core.EngineExecutionOrchestrator.lambda$execute$0(EngineExecutionOrchestrator.java:59) ~[junit-platform-launcher-1.12.2.jar:1.12.2]
	at org.junit.platform.launcher.core.EngineExecutionOrchestrator.withInterceptedStreams(EngineExecutionOrchestrator.java:142) ~[junit-platform-launcher-1.12.2.jar:1.12.2]
	at org.junit.platform.launcher.core.EngineExecutionOrchestrator.execute(EngineExecutionOrchestrator.java:58) ~[junit-platform-launcher-1.12.2.jar:1.12.2]
	at org.junit.platform.launcher.core.DefaultLauncher.execute(DefaultLauncher.java:103) ~[junit-platform-launcher-1.12.2.jar:1.12.2]
	at org.junit.platform.launcher.core.DefaultLauncher.execute(DefaultLauncher.java:85) ~[junit-platform-launcher-1.12.2.jar:1.12.2]
	at org.junit.platform.launcher.core.DelegatingLauncher.execute(DelegatingLauncher.java:47) ~[junit-platform-launcher-1.12.2.jar:1.12.2]
	at org.junit.platform.launcher.core.InterceptingLauncher.lambda$execute$1(InterceptingLauncher.java:39) ~[junit-platform-launcher-1.12.2.jar:1.12.2]
	at org.junit.platform.launcher.core.ClasspathAlignmentCheckingLauncherInterceptor.intercept(ClasspathAlignmentCheckingLauncherInterceptor.java:25) ~[junit-platform-launcher-1.12.2.jar:1.12.2]
	at org.junit.platform.launcher.core.InterceptingLauncher.execute(InterceptingLauncher.java:38) ~[junit-platform-launcher-1.12.2.jar:1.12.2]
	at org.junit.platform.launcher.core.DelegatingLauncher.execute(DelegatingLauncher.java:47) ~[junit-platform-launcher-1.12.2.jar:1.12.2]
	at org.apache.maven.surefire.junitplatform.LazyLauncher.execute(LazyLauncher.java:56) ~[surefire-junit-platform-3.5.3.jar:3.5.3]
	at org.apache.maven.surefire.junitplatform.JUnitPlatformProvider.execute(JUnitPlatformProvider.java:194) ~[surefire-junit-platform-3.5.3.jar:3.5.3]
	at org.apache.maven.surefire.junitplatform.JUnitPlatformProvider.invokeAllTests(JUnitPlatformProvider.java:150) ~[surefire-junit-platform-3.5.3.jar:3.5.3]
	at org.apache.maven.surefire.junitplatform.JUnitPlatformProvider.invoke(JUnitPlatformProvider.java:124) ~[surefire-junit-platform-3.5.3.jar:3.5.3]
	at org.apache.maven.surefire.booter.ForkedBooter.runSuitesInProcess(ForkedBooter.java:385) ~[surefire-booter-3.5.3.jar:3.5.3]
	at org.apache.maven.surefire.booter.ForkedBooter.execute(ForkedBooter.java:162) ~[surefire-booter-3.5.3.jar:3.5.3]
	at org.apache.maven.surefire.booter.ForkedBooter.run(ForkedBooter.java:507) ~[surefire-booter-3.5.3.jar:3.5.3]
	at org.apache.maven.surefire.booter.ForkedBooter.main(ForkedBooter.java:495) ~[surefire-booter-3.5.3.jar:3.5.3]

2025-07-17T14:55:10.853+05:30  WARN 32712 --- [pillpath-backend] [           main] o.h.engine.jdbc.spi.SqlExceptionHelper   : SQL Warning Code: 0, SQLState: 00000
2025-07-17T14:55:10.853+05:30  WARN 32712 --- [pillpath-backend] [           main] o.h.engine.jdbc.spi.SqlExceptionHelper   : constraint "uk6dotkott2kjsp8vw4d0m25fb7" of relation "users" does not exist, skipping
2025-07-17T14:55:10.853+05:30 DEBUG 32712 --- [pillpath-backend] [           main] org.hibernate.SQL                        : 
    alter table if exists users 
       add constraint UK6dotkott2kjsp8vw4d0m25fb7 unique (email)
Hibernate: 
    alter table if exists users 
       add constraint UK6dotkott2kjsp8vw4d0m25fb7 unique (email)
2025-07-17T14:55:10.859+05:30 DEBUG 32712 --- [pillpath-backend] [           main] o.h.internal.SessionFactoryRegistry      : Initializing SessionFactoryRegistry : org.hibernate.internal.SessionFactoryRegistry@45017263
2025-07-17T14:55:10.860+05:30 DEBUG 32712 --- [pillpath-backend] [           main] o.h.internal.SessionFactoryRegistry      : Registering SessionFactory: bc94b704-3f76-4918-88c9-d872aa81bddd (<unnamed>)
2025-07-17T14:55:10.860+05:30 DEBUG 32712 --- [pillpath-backend] [           main] o.h.internal.SessionFactoryRegistry      : Not binding SessionFactory to JNDI, no JNDI name configured
2025-07-17T14:55:10.860+05:30 DEBUG 32712 --- [pillpath-backend] [           main] o.hibernate.internal.SessionFactoryImpl  : Instantiated SessionFactory
2025-07-17T14:55:10.860+05:30  INFO 32712 --- [pillpath-backend] [           main] j.LocalContainerEntityManagerFactoryBean : Initialized JPA EntityManagerFactory for persistence unit 'default'
2025-07-17T14:55:11.757+05:30  WARN 32712 --- [pillpath-backend] [           main] JpaBaseConfiguration$JpaWebConfiguration : spring.jpa.open-in-view is enabled by default. Therefore, database queries may be performed during view rendering. Explicitly configure spring.jpa.open-in-view to disable this warning
2025-07-17T14:55:11.882+05:30  INFO 32712 --- [pillpath-backend] [           main] o.s.v.b.OptionalValidatorFactoryBean     : Failed to set up a Bean Validation provider: jakarta.validation.NoProviderFoundException: Unable to create a Configuration, because no Jakarta Bean Validation provider could be found. Add a provider like Hibernate Validator (RI) to your classpath.
2025-07-17T14:55:12.646+05:30  INFO 32712 --- [pillpath-backend] [           main] c.l.p.PillpathBackendApplicationTests    : Started PillpathBackendApplicationTests in 7.486 seconds (process running for 9.142)
]]></system-out>
    <system-err><![CDATA[Mockito is currently self-attaching to enable the inline-mock-maker. This will no longer work in future releases of the JDK. Please add Mockito as an agent to your build as described in Mockito's documentation: https://javadoc.io/doc/org.mockito/mockito-core/latest/org.mockito/org/mockito/Mockito.html#0.3
WARNING: A Java agent has been loaded dynamically (C:\Users\ASUS\.m2\repository\net\bytebuddy\byte-buddy-agent\1.17.6\byte-buddy-agent-1.17.6.jar)
WARNING: If a serviceability tool is in use, please run with -XX:+EnableDynamicAgentLoading to hide this warning
WARNING: If a serviceability tool is not in use, please run with -Djdk.instrument.traceUsage for more information
WARNING: Dynamic loading of agents will be disallowed by default in a future release
]]></system-err>
  </testcase>
</testsuite>